#
# A fatal error has been detected by the Java Runtime Environment:
#
#  EXCEPTION_ACCESS_VIOLATION (0xc0000005) at pc=0x000001dfd70de7d7, pid=38020, tid=35996
#
# JRE version: OpenJDK Runtime Environment (16.0.2+7) (build 16.0.2+7-67)
# Java VM: OpenJDK 64-Bit Server VM (16.0.2+7-67, mixed mode, sharing, tiered, compressed oops, compressed class ptrs, g1 gc, windows-amd64)
# Problematic frame:
# J 1101 c2 java.awt.image.ComponentSampleModel.getDataElements(IILjava/lang/Object;Ljava/awt/image/DataBuffer;)Ljava/lang/Object; java.desktop@16.0.2 (441 bytes) @ 0x000001dfd70de7d7 [0x000001dfd70de640+0x0000000000000197]
#
# No core dump will be written. Minidumps are not enabled by default on client versions of Windows
#
# If you would like to submit a bug report, please visit:
#   https://bugreport.java.com/bugreport/crash.jsp
#

---------------  S U M M A R Y ------------

Command Line: -javaagent:C:\Program Files\JetBrains\IntelliJ IDEA Community Edition 2021.2.1\lib\idea_rt.jar=61911:C:\Program Files\JetBrains\IntelliJ IDEA Community Edition 2021.2.1\bin -Dfile.encoding=UTF-8 MainKt

Host: AMD Ryzen 7 5700U with Radeon Graphics         , 16 cores, 15G,  Windows 10 , 64 bit Build 19041 (10.0.19041.1202)
Time: Tue Oct 19 17:31:41 2021  Windows 10 , 64 bit Build 19041 (10.0.19041.1202) elapsed time: 31.346113 seconds (0d 0h 0m 31s)

---------------  T H R E A D  ---------------

Current thread (0x000001dfec495490):  JavaThread "AWT-EventQueue-0" [_thread_in_Java, id=35996, stack(0x0000009e76500000,0x0000009e76600000)]

Stack: [0x0000009e76500000,0x0000009e76600000],  sp=0x0000009e765fe100,  free space=1016k
Native frames: (J=compiled Java code, j=interpreted, Vv=VM code, C=native code)
C  0x000001dfd70de7d7


siginfo: EXCEPTION_ACCESS_VIOLATION (0xc0000005), reading address 0x000001df84946b9a


Register to memory mapping:

RIP=0x000001dfd70de7d7 is at entry_point+407 in (nmethod*)0x000001dfd70de490
RAX=0x0 is NULL
RBX=3793379278 is a compressed pointer to object: [I 
{0x0000000710d2fe70} - klass: {type array int}
 - length: 4
RCX=0x0000000710d2fe70 is an oop: [I 
{0x0000000710d2fe70} - klass: {type array int}
 - length: 4
RDX=0x000001df845f5040 is an unknown value
RSP=0x0000009e765fe100 is pointing into the stack for thread: 0x000001dfec495490
RBP=0x0000000000000001 is an unknown value
RSI=0x0000000710c173e8 is an oop: org.jetbrains.skiko.DirectDataBuffer 
{0x0000000710c173e8} - klass: 'org/jetbrains/skiko/DirectDataBuffer'
RDI=0x00000000003ce0e8 is an unknown value
R8 =0x0000000710d2fec8 is an oop: java.nio.DirectByteBuffer 
{0x0000000710d2fec8} - klass: 'java/nio/DirectByteBuffer'
R9 =0x0000000719a8bfb8 is an oop: [B 
{0x0000000719a8bfb8} - klass: {type array byte}
 - length: 4
R10=0x0000000000351b5a is an unknown value
R11=0x0000000000000004 is an unknown value
R12=0x0 is NULL
R13=0x0000000719a8ad38 is an oop: [B 
{0x0000000719a8ad38} - klass: {type array byte}
 - length: 4716
R14=0x000000000000126c is an unknown value
R15=0x000001dfec495490 is a thread


Registers:
RAX=0x0000000000000000, RBX=0x00000000e21a5fce, RCX=0x0000000710d2fe70, RDX=0x000001df845f5040
RSP=0x0000009e765fe100, RBP=0x0000000000000001, RSI=0x0000000710c173e8, RDI=0x00000000003ce0e8
R8 =0x0000000710d2fec8, R9 =0x0000000719a8bfb8, R10=0x0000000000351b5a, R11=0x0000000000000004
R12=0x0000000000000000, R13=0x0000000719a8ad38, R14=0x000000000000126c, R15=0x000001dfec495490
RIP=0x000001dfd70de7d7, EFLAGS=0x0000000000010213

Top of Stack: (sp=0x0000009e765fe100)
0x0000009e765fe100:   00000000ffffffff 0000000710c173e8
0x0000009e765fe110:   00351b5800000000 0000000719a89920
0x0000009e765fe120:   0000000710d2fe88 0000000710c17410
0x0000009e765fe130:   ffffffff00197638 000001dfdc3fd000
0x0000009e765fe140:   0000000719a8ac60 0000000719a89968
0x0000009e765fe150:   0000000000000000 000001dfe3351322
0x0000009e765fe160:   0000000000000000 000001dfd70ea554
0x0000009e765fe170:   0000000710c17410 0000000400000000
0x0000009e765fe180:   0000126c00000001 000002e30000049b
0x0000009e765fe190:   0000000000000003 0000000719a8ad38
0x0000009e765fe1a0:   0000000000000004 00000000000002e2
0x0000009e765fe1b0:   000000000000126c 000000071156e548
0x0000009e765fe1c0:   0000000000000009 000001dfd711bb78
0x0000009e765fe1d0:   00000000000002e3 000001dfd710a3cc
0x0000009e765fe1e0:   0000000710c173e8 000000071156e508
0x0000009e765fe1f0:   0000000000000000 000001dfd711bb78 

Instructions: (pc=0x000001dfd70de7d7)
0x000001dfd70de6d7:   c5 2a 00 00 0f 85 f0 04 00 00 4c 8b cf 45 85 db
0x000001dfd70de6e7:   0f 8e 5a 02 00 00 4c 8b 54 24 28 45 8b 42 30 47
0x000001dfd70de6f7:   8b 54 c4 0c 45 85 d2 0f 86 1b 04 00 00 49 63 cb
0x000001dfd70de707:   4d 63 d2 48 ff c9 49 3b ca 0f 83 da 03 00 00 4c
0x000001dfd70de717:   8b 54 24 28 41 8b 5a 2c 45 8b 54 dc 0c 45 85 d2
0x000001dfd70de727:   0f 86 f9 03 00 00 4d 63 d2 49 3b ca 0f 83 df 03
0x000001dfd70de737:   00 00 48 8b 7c 24 08 44 8b 47 08 41 81 f8 da 02
0x000001dfd70de747:   1a 00 0f 85 ad 03 00 00 48 8b f7 44 8b 46 24 47
0x000001dfd70de757:   8b 54 c4 08 41 81 fa 34 85 03 00 0f 85 94 03 00
0x000001dfd70de767:   00 49 c1 e0 03 45 3b 60 24 0f 85 86 03 00 00 49
0x000001dfd70de777:   ba a0 1a c7 10 07 00 00 00 45 3b 62 70 0f 84 72
0x000001dfd70de787:   03 00 00 45 8b 51 0c 45 85 d2 0f 86 65 03 00 00
0x000001dfd70de797:   4d 63 d2 49 3b ca 0f 83 59 03 00 00 44 8b 54 24
0x000001dfd70de7a7:   14 45 03 54 dc 10 45 85 d2 0f 8c da 03 00 00 41
0x000001dfd70de7b7:   8b 78 1c 44 3b d7 0f 8d d4 03 00 00 49 8b 48 10
0x000001dfd70de7c7:   41 8b eb 83 c5 fd 48 8b d1 49 8d 0c dc 4d 63 d2
0x000001dfd70de7d7:   46 0f be 14 12 45 88 51 10 bb 01 00 00 00 41 ba
0x000001dfd70de7e7:   00 00 00 80 44 3b dd 41 0f 4c ea 83 fd 01 0f 8e
0x000001dfd70de7f7:   12 01 00 00 41 be a0 0f 00 00 c4 c1 f9 6e c0 c4
0x000001dfd70de807:   c1 79 6e cb 44 8b c5 44 2b c3 45 33 d2 3b eb 45
0x000001dfd70de817:   0f 4c c2 41 81 f8 a0 0f 00 00 45 0f 47 c6 44 03
0x000001dfd70de827:   c3 0f 1f 84 00 00 00 00 00 4c 63 eb 44 8b 5c 24
0x000001dfd70de837:   14 46 03 5c a9 10 45 85 db 0f 8c ff 01 00 00 44
0x000001dfd70de847:   3b df 0f 8d 41 02 00 00 44 8b 54 24 14 46 03 54
0x000001dfd70de857:   a9 14 8b c3 ff c0 4d 63 db 46 0f be 1c 1a 47 88
0x000001dfd70de867:   5c 29 10 45 85 d2 0f 8c d7 01 00 00 44 3b d7 0f
0x000001dfd70de877:   8d 19 02 00 00 44 8b 5c 24 14 46 03 5c a9 18 8b
0x000001dfd70de887:   c3 83 c0 02 4d 63 d2 46 0f be 14 12 47 88 54 29
0x000001dfd70de897:   11 45 85 db 0f 8c a6 01 00 00 44 3b df 0f 8d e8
0x000001dfd70de8a7:   01 00 00 44 8b 54 24 14 46 03 54 a9 1c 8b c3 83
0x000001dfd70de8b7:   c0 03 4d 63 db 46 0f be 1c 1a 47 88 5c 29 12 45
0x000001dfd70de8c7:   85 d2 0f 8c 7b 01 00 00 44 3b d7 0f 8d bd 01 00 


Stack slot to memory mapping:
stack at sp + 0 slots: 0x00000000ffffffff is an unknown value
stack at sp + 1 slots: 0x0000000710c173e8 is an oop: org.jetbrains.skiko.DirectDataBuffer 
{0x0000000710c173e8} - klass: 'org/jetbrains/skiko/DirectDataBuffer'
stack at sp + 2 slots: 0x00351b5800000000 is an unknown value
stack at sp + 3 slots: 0x0000000719a89920 is pointing into object: [I 
{0x0000000719a89910} - klass: {type array int}
 - length: 4
stack at sp + 4 slots: 0x0000000710d2fe88 is pointing into object: [I 
{0x0000000710d2fe70} - klass: {type array int}
 - length: 4
stack at sp + 5 slots: 0x0000000710c17410 is an oop: java.awt.image.PixelInterleavedSampleModel 
{0x0000000710c17410} - klass: 'java/awt/image/PixelInterleavedSampleModel'
stack at sp + 6 slots: 0xffffffff00197638 is an unknown value
stack at sp + 7 slots: 0x000001dfdc3fd000 is an unknown value

--------------------------------------------------------------------------------
[Constant Pool (empty)]

--------------------------------------------------------------------------------

[MachCode]
  0x000001dfd70de640: 448b 5208 | 49c1 e203 | 49bb 0000 | 0000 0800 | 0000 4d03 | d349 3bc2 | 0f85 22e4 | 45f8 6690 
  0x000001dfd70de660: 8984 2400 | 90ff ff55 | 4883 ec60 | 4889 7424 | 0848 8954 | 2428 458b | d045 85c0 | 0f8c ab04 
  0x000001dfd70de680: 0000 4585 | c90f 8cb9 | 0400 008b | 6a0c 443b | c50f 8dc5 | 0400 008b | 6a10 443b | cd0f 8dd1 
  0x000001dfd70de6a0: 0400 0045 | 8bd9 440f | af5a 2444 | 0faf 5228 | 8b6a 1845 | 03da 4489 | 5c24 1444 | 8b5a 1485 
  0x000001dfd70de6c0: ed0f 8509 | 0400 0048 | 85ff 0f84 | 8d02 0000 | 448b 4708 | 4181 f8c5 | 2a00 000f | 85f0 0400 
  0x000001dfd70de6e0: 004c 8bcf | 4585 db0f | 8e5a 0200 | 004c 8b54 | 2428 458b | 4230 478b | 54c4 0c45 | 85d2 0f86 
  0x000001dfd70de700: 1b04 0000 | 4963 cb4d | 63d2 48ff | c949 3bca | 0f83 da03 | 0000 4c8b | 5424 2841 | 8b5a 2c45 
  0x000001dfd70de720: 8b54 dc0c | 4585 d20f | 86f9 0300 | 004d 63d2 | 493b ca0f | 83df 0300 | 0048 8b7c | 2408 448b 
  0x000001dfd70de740: 4708 4181 | f8da 021a | 000f 85ad | 0300 0048 | 8bf7 448b | 4624 478b | 54c4 0841 | 81fa 3485 
  0x000001dfd70de760: 0300 0f85 | 9403 0000 | 49c1 e003 | 453b 6024 | 0f85 8603 | 0000 49ba | a01a c710 | 0700 0000 
  0x000001dfd70de780: 453b 6270 | 0f84 7203 | 0000 458b | 510c 4585 | d20f 8665 | 0300 004d | 63d2 493b | ca0f 8359 
  0x000001dfd70de7a0: 0300 0044 | 8b54 2414 | 4503 54dc | 1045 85d2 | 0f8c da03 | 0000 418b | 781c 443b | d70f 8dd4 
  0x000001dfd70de7c0: 0300 0049 | 8b48 1041 | 8beb 83c5 | fd48 8bd1 | 498d 0cdc | 4d63 d246 | 0fbe 1412 | 4588 5110 
  0x000001dfd70de7e0: bb01 0000 | 0041 ba00 | 0000 8044 | 3bdd 410f | 4cea 83fd | 010f 8e12 | 0100 0041 | bea0 0f00 
  0x000001dfd70de800: 00c4 c1f9 | 6ec0 c4c1 | 796e cb44 | 8bc5 442b | c345 33d2 | 3beb 450f | 4cc2 4181 | f8a0 0f00 
  0x000001dfd70de820: 0045 0f47 | c644 03c3 | 0f1f 8400 | 0000 0000 | 4c63 eb44 | 8b5c 2414 | 4603 5ca9 | 1045 85db 
  0x000001dfd70de840: 0f8c ff01 | 0000 443b | df0f 8d41 | 0200 0044 | 8b54 2414 | 4603 54a9 | 148b c3ff | c04d 63db 
  0x000001dfd70de860: 460f be1c | 1a47 885c | 2910 4585 | d20f 8cd7 | 0100 0044 | 3bd7 0f8d | 1902 0000 | 448b 5c24 
  0x000001dfd70de880: 1446 035c | a918 8bc3 | 83c0 024d | 63d2 460f | be14 1247 | 8854 2911 | 4585 db0f | 8ca6 0100 
  0x000001dfd70de8a0: 0044 3bdf | 0f8d e801 | 0000 448b | 5424 1446 | 0354 a91c | 8bc3 83c0 | 034d 63db | 460f be1c 
  0x000001dfd70de8c0: 1a47 885c | 2912 4585 | d20f 8c7b | 0100 0044 | 3bd7 0f8d | bd01 0000 | 4d63 d246 | 0fbe 1412 
  0x000001dfd70de8e0: 4788 5429 | 1383 c304 | 413b d80f | 8c3f ffff | ff4d 8b97 | 2001 0000 | 4185 023b | dd0f 8c08 
  0x000001dfd70de900: ffff ffc4 | c1f9 7ec0 | c4c1 797e | cb41 3bdb | 7d35 6690 | 4863 c344 | 8b54 2414 | 4403 5481 
  0x000001dfd70de920: 1045 85d2 | 0f8c 2c01 | 0000 443b | d70f 8d6e | 0100 004d | 63d2 460f | be14 1245 | 8854 0110 
  0x000001dfd70de940: ffc3 413b | db7c cd49 | 8bc1 4883 | c460 5d49 | 3ba7 1801 | 0000 0f87 | a702 0000 | c341 81fb 
  0x000001dfd70de960: 0000 1000 | 0f87 5f02 | 0000 4963 | cb41 81fb | 0000 1000 | 0f87 2402 | 0000 4d8b | 8f30 0100 
  0x000001dfd70de980: 0048 83c1 | 174c 8bd1 | 4983 e2f8 | 4d8b c14d | 03c2 4d3b | 8740 0100 | 000f 83ff | 0100 004d 
  0x000001dfd70de9a0: 8987 3001 | 0000 498b | f948 83c7 | 1049 c701 | 0100 0000 | 410f 1880 | 0001 0000 | 41c7 4108 
  0x000001dfd70de9c0: c52a 0000 | 4589 590c | 410f 1880 | 4001 0000 | 410f 1880 | 8001 0000 | 48c1 e903 | 4883 c1fe 
  0x000001dfd70de9e0: 4833 c048 | 83f9 087f | 1048 ffc9 | 7852 4889 | 04cf 48ff | c97d f7eb | 4748 8bc7 | c5fd efc0 
  0x000001dfd70dea00: e90d 0000 | 00c5 fe7f | 00c5 fe7f | 4020 4883 | c040 4883 | e908 7ded | 4883 c104 | 7c0c c5fe 
  0x000001dfd70dea20: 7f00 4883 | c020 4883 | e904 4883 | c104 7e10 | 48ff c9c5 | f9d6 0048 | 83c0 0848 | ffc9 7df3 
  0x000001dfd70dea40: e99f fcff | ff8b c345 | 8bd3 c4c1 | f97e c0c4 | c179 7ecb | 8bd8 ba45 | ffff ff8b | 6c24 144c 
  0x000001dfd70dea60: 894c 2410 | 895c 240c | 4489 5424 | 1c4c 8b54 | 2428 4c89 | 5424 2048 | 8974 2428 | 4489 5c24 
  0x000001dfd70dea80: 304c 8944 | 2440 4c89 | 4424 48e8 | f0eb 45f8 | 8bc3 458b | d3c4 c1f9 | 7ec0 c4c1 | 797e cb8b 
  0x000001dfd70deaa0: d8ba 45ff | ffff 8b6c | 2414 4c89 | 4c24 1089 | 5c24 0c44 | 8954 241c | 897c 2420 | 4889 7424 
  0x000001dfd70deac0: 3044 895c | 2424 4c89 | 4424 40e8 | b0eb 45f8 | ba45 ffff | ff44 8b44 | 2414 4489 | 0424 4889 
  0x000001dfd70deae0: 7c24 1844 | 895c 2404 | 6666 90e8 | 90eb 45f8 | 488b 7c24 | 08eb 0548 | 8b7c 2408 | ba76 ffff 
  0x000001dfd70deb00: ff8b 6c24 | 144c 890c | 2448 897c | 2410 4489 | 5c24 1ce8 | 68eb 45f8 | 488b 7c24 | 08eb dd48 
  0x000001dfd70deb20: 8b7c 2408 | ebd6 488b | 7c24 08eb | cfba 45ff | ffff 418b | e948 897c | 2418 4489 | 4424 14e8 
  0x000001dfd70deb40: 3ceb 45f8 | ba45 ffff | ff44 890c | 2444 8944 | 2404 4889 | 7c24 18e8 | 24eb 45f8 | ba45 ffff 
  0x000001dfd70deb60: ff44 890c | 2448 897c | 2418 4489 | 4424 20e8 | 0ceb 45f8 | ba45 ffff | ff44 894c | 2404 4489 
  0x000001dfd70deb80: 4424 1848 | 897c 2420 | 6666 90e8 | f0ea 45f8 | 33c0 e9bd | feff ff33 | c0e9 01ff | ffff 48ba 
  0x000001dfd70deba0: 2856 0100 | 0800 0000 | 458b c348 | 8b6c 2428 | 4489 5c24 | 1866 90e8 | 4478 51f8 | 4c8b c844 
  0x000001dfd70debc0: 8b5c 2418 | e977 feff | ff49 63cb | e99c fdff | ffba deff | ffff 8b6c | 2414 4489 | 5c24 1048 
  0x000001dfd70debe0: 897c 2418 | 6666 90e8 | 94ea 45f8 | 488b 7c24 | 08e9 06ff | ffff 488b | d048 83c4 | 605d e9fd 
  0x000001dfd70dec00: a251 f849 | ba4f e90d | d7df 0100 | 004d 8997 | 9003 0000 | e9e7 f645 | f8f4 f4f4 | f4f4 f4f4 
  0x000001dfd70dec20: e95b cc50 | f8e8 0000 | 0000 4883 | 2c24 05e9 | eced 45f8 | f4f4 f4f4 
[/MachCode]
--------------------------------------------------------------------------------


---------------  P R O C E S S  ---------------

Threads class SMR info:
_java_thread_list=0x000001dfec47f730, length=23, elements={
0x000001dfeb6de870, 0x000001dfeb6df530, 0x000001dfeb6f4300, 0x000001dfeb6f4d00,
0x000001dfeb6f7710, 0x000001dfeb6f8110, 0x000001dfeb6f8ef0, 0x000001dfeb6fb9f0,
0x000001dfeb705ec0, 0x000001dfc663df90, 0x000001dfec3a9160, 0x000001dfec3a9680,
0x000001dfec456260, 0x000001dfec456c00, 0x000001dfec4575a0, 0x000001dfec495490,
0x000001dfecb5d500, 0x000001dfecb5da20, 0x000001dfecb8f370, 0x000001dfecbab0e0,
0x000001dfecba9100, 0x000001dfecba9ba0, 0x000001dfecbac0d0
}

Java Threads: ( => current thread )
  0x000001dfeb6de870 JavaThread "Reference Handler" daemon [_thread_blocked, id=26708, stack(0x0000009e75400000,0x0000009e75500000)]
  0x000001dfeb6df530 JavaThread "Finalizer" daemon [_thread_blocked, id=14080, stack(0x0000009e75500000,0x0000009e75600000)]
  0x000001dfeb6f4300 JavaThread "Signal Dispatcher" daemon [_thread_blocked, id=27580, stack(0x0000009e75600000,0x0000009e75700000)]
  0x000001dfeb6f4d00 JavaThread "Attach Listener" daemon [_thread_blocked, id=39844, stack(0x0000009e75700000,0x0000009e75800000)]
  0x000001dfeb6f7710 JavaThread "Service Thread" daemon [_thread_blocked, id=7496, stack(0x0000009e75800000,0x0000009e75900000)]
  0x000001dfeb6f8110 JavaThread "Monitor Deflation Thread" daemon [_thread_blocked, id=35232, stack(0x0000009e75900000,0x0000009e75a00000)]
  0x000001dfeb6f8ef0 JavaThread "C2 CompilerThread0" daemon [_thread_blocked, id=34992, stack(0x0000009e75a00000,0x0000009e75b00000)]
  0x000001dfeb6fb9f0 JavaThread "C1 CompilerThread0" daemon [_thread_blocked, id=24488, stack(0x0000009e75b00000,0x0000009e75c00000)]
  0x000001dfeb705ec0 JavaThread "Sweeper thread" daemon [_thread_blocked, id=23056, stack(0x0000009e75c00000,0x0000009e75d00000)]
  0x000001dfc663df90 JavaThread "Common-Cleaner" daemon [_thread_blocked, id=30848, stack(0x0000009e75d00000,0x0000009e75e00000)]
  0x000001dfec3a9160 JavaThread "Monitor Ctrl-Break" daemon [_thread_in_native, id=35292, stack(0x0000009e76100000,0x0000009e76200000)]
  0x000001dfec3a9680 JavaThread "Notification Thread" daemon [_thread_blocked, id=34644, stack(0x0000009e76200000,0x0000009e76300000)]
  0x000001dfec456260 JavaThread "Java2D Disposer" daemon [_thread_blocked, id=27008, stack(0x0000009e75f00000,0x0000009e76000000)]
  0x000001dfec456c00 JavaThread "AWT-Shutdown" [_thread_blocked, id=36124, stack(0x0000009e76000000,0x0000009e76100000)]
  0x000001dfec4575a0 JavaThread "AWT-Windows" daemon [_thread_in_native, id=31344, stack(0x0000009e76400000,0x0000009e76500000)]
=>0x000001dfec495490 JavaThread "AWT-EventQueue-0" [_thread_in_Java, id=35996, stack(0x0000009e76500000,0x0000009e76600000)]
  0x000001dfecb5d500 JavaThread "DefaultDispatcher-worker-1" daemon [_thread_blocked, id=864, stack(0x0000009e77200000,0x0000009e77300000)]
  0x000001dfecb5da20 JavaThread "DefaultDispatcher-worker-2" daemon [_thread_blocked, id=30844, stack(0x0000009e77300000,0x0000009e77400000)]
  0x000001dfecb8f370 JavaThread "DefaultDispatcher-worker-3" daemon [_thread_blocked, id=36352, stack(0x0000009e77400000,0x0000009e77500000)]
  0x000001dfecbab0e0 JavaThread "Cleaner-0" daemon [_thread_blocked, id=37900, stack(0x0000009e77500000,0x0000009e77600000)]
  0x000001dfecba9100 JavaThread "kotlinx.coroutines.DefaultExecutor" daemon [_thread_blocked, id=26296, stack(0x0000009e77600000,0x0000009e77700000)]
  0x000001dfecba9ba0 JavaThread "D3D Screen Updater" daemon [_thread_blocked, id=36432, stack(0x0000009e77700000,0x0000009e77800000)]
  0x000001dfecbac0d0 JavaThread "DestroyJavaVM" [_thread_blocked, id=16412, stack(0x0000009e74d00000,0x0000009e74e00000)]

Other Threads:
  0x000001dfeb6dbd30 VMThread "VM Thread" [stack: 0x0000009e75300000,0x0000009e75400000] [id=34500]
  0x000001dfec2ea5e0 WatcherThread [stack: 0x0000009e76300000,0x0000009e76400000] [id=8564]
  0x000001dfc65aa9a0 GCTaskThread "GC Thread#0" [stack: 0x0000009e74e00000,0x0000009e74f00000] [id=27100]
  0x000001dfecb4b380 GCTaskThread "GC Thread#1" [stack: 0x0000009e77900000,0x0000009e77a00000] [id=18384]
  0x000001dfecb4b690 GCTaskThread "GC Thread#2" [stack: 0x0000009e77a00000,0x0000009e77b00000] [id=3460]
  0x000001dfecb4bfc0 GCTaskThread "GC Thread#3" [stack: 0x0000009e77b00000,0x0000009e77c00000] [id=9752]
  0x000001dff3681df0 GCTaskThread "GC Thread#4" [stack: 0x0000009e77c00000,0x0000009e77d00000] [id=31708]
  0x000001dff36814c0 GCTaskThread "GC Thread#5" [stack: 0x0000009e77d00000,0x0000009e77e00000] [id=37056]
  0x000001dff367ff50 GCTaskThread "GC Thread#6" [stack: 0x0000009e77e00000,0x0000009e77f00000] [id=37928]
  0x000001dff3682a30 GCTaskThread "GC Thread#7" [stack: 0x0000009e77f00000,0x0000009e78000000] [id=11696]
  0x000001dff3682720 GCTaskThread "GC Thread#8" [stack: 0x0000009e78000000,0x0000009e78100000] [id=37524]
  0x000001dff367fc40 GCTaskThread "GC Thread#9" [stack: 0x0000009e78100000,0x0000009e78200000] [id=11544]
  0x000001dff3682100 GCTaskThread "GC Thread#10" [stack: 0x0000009e78300000,0x0000009e78400000] [id=31764]
  0x000001dfc65baf70 ConcurrentGCThread "G1 Main Marker" [stack: 0x0000009e74f00000,0x0000009e75000000] [id=14816]
  0x000001dfc65bb9e0 ConcurrentGCThread "G1 Conc#0" [stack: 0x0000009e75000000,0x0000009e75100000] [id=37876]
  0x000001dfc662b8e0 ConcurrentGCThread "G1 Refine#0" [stack: 0x0000009e75100000,0x0000009e75200000] [id=33312]
  0x000001dfeb5a48d0 ConcurrentGCThread "G1 Service" [stack: 0x0000009e75200000,0x0000009e75300000] [id=39788]

Threads with active compile tasks:

VM state: not at safepoint (normal execution)

VM Mutex/Monitor currently owned by a thread: None

Heap address: 0x000000070a600000, size: 3930 MB, Compressed Oops mode: Zero based, Oop shift amount: 3

CDS archive(s) mapped at: [0x0000000800000000-0x0000000800bb0000-0x0000000800bb0000), size 12255232, SharedBaseAddress: 0x0000000800000000, ArchiveRelocationMode: 0.
Compressed class space mapped at: 0x0000000800c00000-0x0000000840c00000, reserved size: 1073741824
Narrow klass base: 0x0000000800000000, Narrow klass shift: 3, Narrow klass range: 0x100000000

GC Precious Log:
 CPUs: 16 total, 16 available
 Memory: 15712M
 Large Page Support: Disabled
 NUMA Support: Disabled
 Compressed Oops: Enabled (Zero based)
 Heap Region Size: 2M
 Heap Min Capacity: 8M
 Heap Initial Capacity: 246M
 Heap Max Capacity: 3930M
 Pre-touch: Disabled
 Parallel Workers: 13
 Concurrent Workers: 3
 Concurrent Refinement Workers: 13
 Periodic GC: Disabled

Heap:
 garbage-first heap   total 251904K, used 3241K [0x000000070a600000, 0x0000000800000000)
  region size 2048K, 3 young (6144K), 2 survivors (4096K)
 Metaspace       used 11282K, committed 11520K, reserved 1064960K
  class space    used 1072K, committed 1216K, reserved 1048576K

Heap Regions: E=young(eden), S=young(survivor), O=old, HS=humongous(starts), HC=humongous(continues), CS=collection set, F=free, OA=open archive, CA=closed archive, TAMS=top-at-mark-start (previous, next)
|   0|0x000000070a600000, 0x000000070a600000, 0x000000070a800000|  0%| F|  |TAMS 0x000000070a600000, 0x000000070a600000| Untracked 
|   1|0x000000070a800000, 0x000000070a800000, 0x000000070aa00000|  0%| F|  |TAMS 0x000000070a800000, 0x000000070a800000| Untracked 
|   2|0x000000070aa00000, 0x000000070aa00000, 0x000000070ac00000|  0%| F|  |TAMS 0x000000070aa00000, 0x000000070aa00000| Untracked 
|   3|0x000000070ac00000, 0x000000070ac00000, 0x000000070ae00000|  0%| F|  |TAMS 0x000000070ac00000, 0x000000070ac00000| Untracked 
|   4|0x000000070ae00000, 0x000000070ae00000, 0x000000070b000000|  0%| F|  |TAMS 0x000000070ae00000, 0x000000070ae00000| Untracked 
|   5|0x000000070b000000, 0x000000070b000000, 0x000000070b200000|  0%| F|  |TAMS 0x000000070b000000, 0x000000070b000000| Untracked 
|   6|0x000000070b200000, 0x000000070b200000, 0x000000070b400000|  0%| F|  |TAMS 0x000000070b200000, 0x000000070b200000| Untracked 
|   7|0x000000070b400000, 0x000000070b400000, 0x000000070b600000|  0%| F|  |TAMS 0x000000070b400000, 0x000000070b400000| Untracked 
|   8|0x000000070b600000, 0x000000070b600000, 0x000000070b800000|  0%| F|  |TAMS 0x000000070b600000, 0x000000070b600000| Untracked 
|   9|0x000000070b800000, 0x000000070b800000, 0x000000070ba00000|  0%| F|  |TAMS 0x000000070b800000, 0x000000070b800000| Untracked 
|  10|0x000000070ba00000, 0x000000070ba00000, 0x000000070bc00000|  0%| F|  |TAMS 0x000000070ba00000, 0x000000070ba00000| Untracked 
|  11|0x000000070bc00000, 0x000000070bc00000, 0x000000070be00000|  0%| F|  |TAMS 0x000000070bc00000, 0x000000070bc00000| Untracked 
|  12|0x000000070be00000, 0x000000070be00000, 0x000000070c000000|  0%| F|  |TAMS 0x000000070be00000, 0x000000070be00000| Untracked 
|  13|0x000000070c000000, 0x000000070c000000, 0x000000070c200000|  0%| F|  |TAMS 0x000000070c000000, 0x000000070c000000| Untracked 
|  14|0x000000070c200000, 0x000000070c200000, 0x000000070c400000|  0%| F|  |TAMS 0x000000070c200000, 0x000000070c200000| Untracked 
|  15|0x000000070c400000, 0x000000070c400000, 0x000000070c600000|  0%| F|  |TAMS 0x000000070c400000, 0x000000070c400000| Untracked 
|  16|0x000000070c600000, 0x000000070c600000, 0x000000070c800000|  0%| F|  |TAMS 0x000000070c600000, 0x000000070c600000| Untracked 
|  17|0x000000070c800000, 0x000000070c800000, 0x000000070ca00000|  0%| F|  |TAMS 0x000000070c800000, 0x000000070c800000| Untracked 
|  18|0x000000070ca00000, 0x000000070ca00000, 0x000000070cc00000|  0%| F|  |TAMS 0x000000070ca00000, 0x000000070ca00000| Untracked 
|  19|0x000000070cc00000, 0x000000070cc00000, 0x000000070ce00000|  0%| F|  |TAMS 0x000000070cc00000, 0x000000070cc00000| Untracked 
|  20|0x000000070ce00000, 0x000000070ce00000, 0x000000070d000000|  0%| F|  |TAMS 0x000000070ce00000, 0x000000070ce00000| Untracked 
|  21|0x000000070d000000, 0x000000070d000000, 0x000000070d200000|  0%| F|  |TAMS 0x000000070d000000, 0x000000070d000000| Untracked 
|  22|0x000000070d200000, 0x000000070d200000, 0x000000070d400000|  0%| F|  |TAMS 0x000000070d200000, 0x000000070d200000| Untracked 
|  23|0x000000070d400000, 0x000000070d400000, 0x000000070d600000|  0%| F|  |TAMS 0x000000070d400000, 0x000000070d400000| Untracked 
|  24|0x000000070d600000, 0x000000070d600000, 0x000000070d800000|  0%| F|  |TAMS 0x000000070d600000, 0x000000070d600000| Untracked 
|  25|0x000000070d800000, 0x000000070d800000, 0x000000070da00000|  0%| F|  |TAMS 0x000000070d800000, 0x000000070d800000| Untracked 
|  26|0x000000070da00000, 0x000000070da00000, 0x000000070dc00000|  0%| F|  |TAMS 0x000000070da00000, 0x000000070da00000| Untracked 
|  27|0x000000070dc00000, 0x000000070dc00000, 0x000000070de00000|  0%| F|  |TAMS 0x000000070dc00000, 0x000000070dc00000| Untracked 
|  28|0x000000070de00000, 0x000000070de00000, 0x000000070e000000|  0%| F|  |TAMS 0x000000070de00000, 0x000000070de00000| Untracked 
|  29|0x000000070e000000, 0x000000070e000000, 0x000000070e200000|  0%| F|  |TAMS 0x000000070e000000, 0x000000070e000000| Untracked 
|  30|0x000000070e200000, 0x000000070e200000, 0x000000070e400000|  0%| F|  |TAMS 0x000000070e200000, 0x000000070e200000| Untracked 
|  31|0x000000070e400000, 0x000000070e400000, 0x000000070e600000|  0%| F|  |TAMS 0x000000070e400000, 0x000000070e400000| Untracked 
|  32|0x000000070e600000, 0x000000070e600000, 0x000000070e800000|  0%| F|  |TAMS 0x000000070e600000, 0x000000070e600000| Untracked 
|  33|0x000000070e800000, 0x000000070e800000, 0x000000070ea00000|  0%| F|  |TAMS 0x000000070e800000, 0x000000070e800000| Untracked 
|  34|0x000000070ea00000, 0x000000070ea00000, 0x000000070ec00000|  0%| F|  |TAMS 0x000000070ea00000, 0x000000070ea00000| Untracked 
|  35|0x000000070ec00000, 0x000000070ec00000, 0x000000070ee00000|  0%| F|  |TAMS 0x000000070ec00000, 0x000000070ec00000| Untracked 
|  36|0x000000070ee00000, 0x000000070ee00000, 0x000000070f000000|  0%| F|  |TAMS 0x000000070ee00000, 0x000000070ee00000| Untracked 
|  37|0x000000070f000000, 0x000000070f000000, 0x000000070f200000|  0%| F|  |TAMS 0x000000070f000000, 0x000000070f000000| Untracked 
|  38|0x000000070f200000, 0x000000070f200000, 0x000000070f400000|  0%| F|  |TAMS 0x000000070f200000, 0x000000070f200000| Untracked 
|  39|0x000000070f400000, 0x000000070f400000, 0x000000070f600000|  0%| F|  |TAMS 0x000000070f400000, 0x000000070f400000| Untracked 
|  40|0x000000070f600000, 0x000000070f600000, 0x000000070f800000|  0%| F|  |TAMS 0x000000070f600000, 0x000000070f600000| Untracked 
|  41|0x000000070f800000, 0x000000070f800000, 0x000000070fa00000|  0%| F|  |TAMS 0x000000070f800000, 0x000000070f800000| Untracked 
|  42|0x000000070fa00000, 0x000000070fa00000, 0x000000070fc00000|  0%| F|  |TAMS 0x000000070fa00000, 0x000000070fa00000| Untracked 
|  43|0x000000070fc00000, 0x000000070fc00000, 0x000000070fe00000|  0%| F|  |TAMS 0x000000070fc00000, 0x000000070fc00000| Untracked 
|  44|0x000000070fe00000, 0x000000070fe00000, 0x0000000710000000|  0%| F|  |TAMS 0x000000070fe00000, 0x000000070fe00000| Untracked 
|  45|0x0000000710000000, 0x0000000710000000, 0x0000000710200000|  0%| F|  |TAMS 0x0000000710000000, 0x0000000710000000| Untracked 
|  46|0x0000000710200000, 0x0000000710200000, 0x0000000710400000|  0%| F|  |TAMS 0x0000000710200000, 0x0000000710200000| Untracked 
|  47|0x0000000710400000, 0x0000000710400000, 0x0000000710600000|  0%| F|  |TAMS 0x0000000710400000, 0x0000000710400000| Untracked 
|  48|0x0000000710600000, 0x0000000710600000, 0x0000000710800000|  0%| F|  |TAMS 0x0000000710600000, 0x0000000710600000| Untracked 
|  49|0x0000000710800000, 0x0000000710800000, 0x0000000710a00000|  0%| F|  |TAMS 0x0000000710800000, 0x0000000710800000| Untracked 
|  50|0x0000000710a00000, 0x0000000710b2a710, 0x0000000710c00000| 58%| S|CS|TAMS 0x0000000710a00000, 0x0000000710a00000| Complete 
|  51|0x0000000710c00000, 0x0000000710e00000, 0x0000000710e00000|100%| S|CS|TAMS 0x0000000710c00000, 0x0000000710c00000| Complete 
|  52|0x0000000710e00000, 0x0000000710e00000, 0x0000000711000000|  0%| F|  |TAMS 0x0000000710e00000, 0x0000000710e00000| Untracked 
|  53|0x0000000711000000, 0x0000000711000000, 0x0000000711200000|  0%| F|  |TAMS 0x0000000711000000, 0x0000000711000000| Untracked 
|  54|0x0000000711200000, 0x0000000711200000, 0x0000000711400000|  0%| F|  |TAMS 0x0000000711200000, 0x0000000711200000| Untracked 
|  55|0x0000000711400000, 0x0000000711400000, 0x0000000711600000|  0%| F|  |TAMS 0x0000000711400000, 0x0000000711400000| Untracked 
|  56|0x0000000711600000, 0x0000000711600000, 0x0000000711800000|  0%| F|  |TAMS 0x0000000711600000, 0x0000000711600000| Untracked 
|  57|0x0000000711800000, 0x0000000711800000, 0x0000000711a00000|  0%| F|  |TAMS 0x0000000711800000, 0x0000000711800000| Untracked 
|  58|0x0000000711a00000, 0x0000000711a00000, 0x0000000711c00000|  0%| F|  |TAMS 0x0000000711a00000, 0x0000000711a00000| Untracked 
|  59|0x0000000711c00000, 0x0000000711c00000, 0x0000000711e00000|  0%| F|  |TAMS 0x0000000711c00000, 0x0000000711c00000| Untracked 
|  60|0x0000000711e00000, 0x0000000711e00000, 0x0000000712000000|  0%| F|  |TAMS 0x0000000711e00000, 0x0000000711e00000| Untracked 
|  61|0x0000000712000000, 0x0000000712000000, 0x0000000712200000|  0%| F|  |TAMS 0x0000000712000000, 0x0000000712000000| Untracked 
|  62|0x0000000712200000, 0x0000000712200000, 0x0000000712400000|  0%| F|  |TAMS 0x0000000712200000, 0x0000000712200000| Untracked 
|  63|0x0000000712400000, 0x0000000712400000, 0x0000000712600000|  0%| F|  |TAMS 0x0000000712400000, 0x0000000712400000| Untracked 
|  64|0x0000000712600000, 0x0000000712600000, 0x0000000712800000|  0%| F|  |TAMS 0x0000000712600000, 0x0000000712600000| Untracked 
|  65|0x0000000712800000, 0x0000000712800000, 0x0000000712a00000|  0%| F|  |TAMS 0x0000000712800000, 0x0000000712800000| Untracked 
|  66|0x0000000712a00000, 0x0000000712a00000, 0x0000000712c00000|  0%| F|  |TAMS 0x0000000712a00000, 0x0000000712a00000| Untracked 
|  67|0x0000000712c00000, 0x0000000712c00000, 0x0000000712e00000|  0%| F|  |TAMS 0x0000000712c00000, 0x0000000712c00000| Untracked 
|  68|0x0000000712e00000, 0x0000000712e00000, 0x0000000713000000|  0%| F|  |TAMS 0x0000000712e00000, 0x0000000712e00000| Untracked 
|  69|0x0000000713000000, 0x0000000713000000, 0x0000000713200000|  0%| F|  |TAMS 0x0000000713000000, 0x0000000713000000| Untracked 
|  70|0x0000000713200000, 0x0000000713200000, 0x0000000713400000|  0%| F|  |TAMS 0x0000000713200000, 0x0000000713200000| Untracked 
|  71|0x0000000713400000, 0x0000000713400000, 0x0000000713600000|  0%| F|  |TAMS 0x0000000713400000, 0x0000000713400000| Untracked 
|  72|0x0000000713600000, 0x0000000713600000, 0x0000000713800000|  0%| F|  |TAMS 0x0000000713600000, 0x0000000713600000| Untracked 
|  73|0x0000000713800000, 0x0000000713800000, 0x0000000713a00000|  0%| F|  |TAMS 0x0000000713800000, 0x0000000713800000| Untracked 
|  74|0x0000000713a00000, 0x0000000713a00000, 0x0000000713c00000|  0%| F|  |TAMS 0x0000000713a00000, 0x0000000713a00000| Untracked 
|  75|0x0000000713c00000, 0x0000000713c00000, 0x0000000713e00000|  0%| F|  |TAMS 0x0000000713c00000, 0x0000000713c00000| Untracked 
|  76|0x0000000713e00000, 0x0000000713e00000, 0x0000000714000000|  0%| F|  |TAMS 0x0000000713e00000, 0x0000000713e00000| Untracked 
|  77|0x0000000714000000, 0x0000000714000000, 0x0000000714200000|  0%| F|  |TAMS 0x0000000714000000, 0x0000000714000000| Untracked 
|  78|0x0000000714200000, 0x0000000714200000, 0x0000000714400000|  0%| F|  |TAMS 0x0000000714200000, 0x0000000714200000| Untracked 
|  79|0x0000000714400000, 0x0000000714400000, 0x0000000714600000|  0%| F|  |TAMS 0x0000000714400000, 0x0000000714400000| Untracked 
|  80|0x0000000714600000, 0x0000000714600000, 0x0000000714800000|  0%| F|  |TAMS 0x0000000714600000, 0x0000000714600000| Untracked 
|  81|0x0000000714800000, 0x0000000714800000, 0x0000000714a00000|  0%| F|  |TAMS 0x0000000714800000, 0x0000000714800000| Untracked 
|  82|0x0000000714a00000, 0x0000000714a00000, 0x0000000714c00000|  0%| F|  |TAMS 0x0000000714a00000, 0x0000000714a00000| Untracked 
|  83|0x0000000714c00000, 0x0000000714c00000, 0x0000000714e00000|  0%| F|  |TAMS 0x0000000714c00000, 0x0000000714c00000| Untracked 
|  84|0x0000000714e00000, 0x0000000714e00000, 0x0000000715000000|  0%| F|  |TAMS 0x0000000714e00000, 0x0000000714e00000| Untracked 
|  85|0x0000000715000000, 0x0000000715000000, 0x0000000715200000|  0%| F|  |TAMS 0x0000000715000000, 0x0000000715000000| Untracked 
|  86|0x0000000715200000, 0x0000000715200000, 0x0000000715400000|  0%| F|  |TAMS 0x0000000715200000, 0x0000000715200000| Untracked 
|  87|0x0000000715400000, 0x0000000715400000, 0x0000000715600000|  0%| F|  |TAMS 0x0000000715400000, 0x0000000715400000| Untracked 
|  88|0x0000000715600000, 0x0000000715600000, 0x0000000715800000|  0%| F|  |TAMS 0x0000000715600000, 0x0000000715600000| Untracked 
|  89|0x0000000715800000, 0x0000000715800000, 0x0000000715a00000|  0%| F|  |TAMS 0x0000000715800000, 0x0000000715800000| Untracked 
|  90|0x0000000715a00000, 0x0000000715a00000, 0x0000000715c00000|  0%| F|  |TAMS 0x0000000715a00000, 0x0000000715a00000| Untracked 
|  91|0x0000000715c00000, 0x0000000715c00000, 0x0000000715e00000|  0%| F|  |TAMS 0x0000000715c00000, 0x0000000715c00000| Untracked 
|  92|0x0000000715e00000, 0x0000000715e00000, 0x0000000716000000|  0%| F|  |TAMS 0x0000000715e00000, 0x0000000715e00000| Untracked 
|  93|0x0000000716000000, 0x0000000716000000, 0x0000000716200000|  0%| F|  |TAMS 0x0000000716000000, 0x0000000716000000| Untracked 
|  94|0x0000000716200000, 0x0000000716200000, 0x0000000716400000|  0%| F|  |TAMS 0x0000000716200000, 0x0000000716200000| Untracked 
|  95|0x0000000716400000, 0x0000000716400000, 0x0000000716600000|  0%| F|  |TAMS 0x0000000716400000, 0x0000000716400000| Untracked 
|  96|0x0000000716600000, 0x0000000716600000, 0x0000000716800000|  0%| F|  |TAMS 0x0000000716600000, 0x0000000716600000| Untracked 
|  97|0x0000000716800000, 0x0000000716800000, 0x0000000716a00000|  0%| F|  |TAMS 0x0000000716800000, 0x0000000716800000| Untracked 
|  98|0x0000000716a00000, 0x0000000716a00000, 0x0000000716c00000|  0%| F|  |TAMS 0x0000000716a00000, 0x0000000716a00000| Untracked 
|  99|0x0000000716c00000, 0x0000000716c00000, 0x0000000716e00000|  0%| F|  |TAMS 0x0000000716c00000, 0x0000000716c00000| Untracked 
| 100|0x0000000716e00000, 0x0000000716e00000, 0x0000000717000000|  0%| F|  |TAMS 0x0000000716e00000, 0x0000000716e00000| Untracked 
| 101|0x0000000717000000, 0x0000000717000000, 0x0000000717200000|  0%| F|  |TAMS 0x0000000717000000, 0x0000000717000000| Untracked 
| 102|0x0000000717200000, 0x0000000717200000, 0x0000000717400000|  0%| F|  |TAMS 0x0000000717200000, 0x0000000717200000| Untracked 
| 103|0x0000000717400000, 0x0000000717400000, 0x0000000717600000|  0%| F|  |TAMS 0x0000000717400000, 0x0000000717400000| Untracked 
| 104|0x0000000717600000, 0x0000000717600000, 0x0000000717800000|  0%| F|  |TAMS 0x0000000717600000, 0x0000000717600000| Untracked 
| 105|0x0000000717800000, 0x0000000717800000, 0x0000000717a00000|  0%| F|  |TAMS 0x0000000717800000, 0x0000000717800000| Untracked 
| 106|0x0000000717a00000, 0x0000000717a00000, 0x0000000717c00000|  0%| F|  |TAMS 0x0000000717a00000, 0x0000000717a00000| Untracked 
| 107|0x0000000717c00000, 0x0000000717c00000, 0x0000000717e00000|  0%| F|  |TAMS 0x0000000717c00000, 0x0000000717c00000| Untracked 
| 108|0x0000000717e00000, 0x0000000717e00000, 0x0000000718000000|  0%| F|  |TAMS 0x0000000717e00000, 0x0000000717e00000| Untracked 
| 109|0x0000000718000000, 0x0000000718000000, 0x0000000718200000|  0%| F|  |TAMS 0x0000000718000000, 0x0000000718000000| Untracked 
| 110|0x0000000718200000, 0x0000000718200000, 0x0000000718400000|  0%| F|  |TAMS 0x0000000718200000, 0x0000000718200000| Untracked 
| 111|0x0000000718400000, 0x0000000718400000, 0x0000000718600000|  0%| F|  |TAMS 0x0000000718400000, 0x0000000718400000| Untracked 
| 112|0x0000000718600000, 0x0000000718600000, 0x0000000718800000|  0%| F|  |TAMS 0x0000000718600000, 0x0000000718600000| Untracked 
| 113|0x0000000718800000, 0x0000000718800000, 0x0000000718a00000|  0%| F|  |TAMS 0x0000000718800000, 0x0000000718800000| Untracked 
| 114|0x0000000718a00000, 0x0000000718a00000, 0x0000000718c00000|  0%| F|  |TAMS 0x0000000718a00000, 0x0000000718a00000| Untracked 
| 115|0x0000000718c00000, 0x0000000718c00000, 0x0000000718e00000|  0%| F|  |TAMS 0x0000000718c00000, 0x0000000718c00000| Untracked 
| 116|0x0000000718e00000, 0x0000000718e00000, 0x0000000719000000|  0%| F|  |TAMS 0x0000000718e00000, 0x0000000718e00000| Untracked 
| 117|0x0000000719000000, 0x0000000719000000, 0x0000000719200000|  0%| F|  |TAMS 0x0000000719000000, 0x0000000719000000| Untracked 
| 118|0x0000000719200000, 0x0000000719200000, 0x0000000719400000|  0%| F|  |TAMS 0x0000000719200000, 0x0000000719200000| Untracked 
| 119|0x0000000719400000, 0x0000000719400000, 0x0000000719600000|  0%| F|  |TAMS 0x0000000719400000, 0x0000000719400000| Untracked 
| 120|0x0000000719600000, 0x0000000719600000, 0x0000000719800000|  0%| F|  |TAMS 0x0000000719600000, 0x0000000719600000| Untracked 
| 121|0x0000000719800000, 0x0000000719800000, 0x0000000719a00000|  0%| F|  |TAMS 0x0000000719800000, 0x0000000719800000| Untracked 
| 122|0x0000000719a00000, 0x0000000719b033b0, 0x0000000719c00000| 50%| E|  |TAMS 0x0000000719a00000, 0x0000000719a00000| Complete 

Card table byte_map: [0x000001dfdfc50000,0x000001dfe0400000] _byte_map_base: 0x000001dfdc3fd000

Marking Bits (Prev, Next): (CMBitMap*) 0x000001dfc65ab010, (CMBitMap*) 0x000001dfc65ab050
 Prev Bits: [0x000001dfe0bb0000, 0x000001dfe4918000)
 Next Bits: [0x000001dfe4920000, 0x000001dfe8688000)

Polling page: 0x000001dfc6280000

Metaspace:

Usage:
  Non-class:      9.97 MB used.
      Class:      1.05 MB used.
       Both:     11.02 MB used.

Virtual space:
  Non-class space:       16.00 MB reserved,      10.06 MB ( 63%) committed,  2 nodes.
      Class space:        1.00 GB reserved,       1.19 MB ( <1%) committed,  1 nodes.
              Both:        1.02 GB reserved,      11.25 MB (  1%) committed. 

Chunk freelists:
   Non-Class:  1.95 MB
       Class:  2.73 MB
        Both:  4.69 MB

MaxMetaspaceSize: 17179869184.00 GB
CompressedClassSpaceSize: 1.00 GB
 - commit_granule_bytes: 65536.
 - commit_granule_words: 8192.
 - virtual_space_node_default_size: 1048576.
 - enlarge_chunks_in_place: 1.
 - new_chunks_are_fully_committed: 0.
 - uncommit_free_chunks: 1.
 - use_allocation_guard: 0.
 - handle_deallocations: 1.


Internal statistics:

num_allocs_failed_limit: 0.
num_arena_births: 118.
num_arena_deaths: 0.
num_vsnodes_births: 3.
num_vsnodes_deaths: 0.
num_space_committed: 180.
num_space_uncommitted: 0.
num_chunks_returned_to_freelist: 0.
num_chunks_taken_from_freelist: 272.
num_chunk_merges: 0.
num_chunk_splits: 194.
num_chunks_enlarged: 140.
num_purges: 0.

CodeHeap 'non-profiled nmethods': size=119168Kb used=603Kb max_used=603Kb free=118565Kb
 bounds [0x000001dfd7090000, 0x000001dfd7300000, 0x000001dfde4f0000]
CodeHeap 'profiled nmethods': size=119104Kb used=3025Kb max_used=3025Kb free=116079Kb
 bounds [0x000001dfcfc40000, 0x000001dfcff40000, 0x000001dfd7090000]
CodeHeap 'non-nmethods': size=7488Kb used=1348Kb max_used=2265Kb free=6139Kb
 bounds [0x000001dfcf4f0000, 0x000001dfcf760000, 0x000001dfcfc40000]
 total_blobs=2324 nmethods=1631 adapters=606
 compilation: enabled
              stopped_count=0, restarted_count=0
 full_count=0

Compilation events (20 events):
Event: 30.264 Thread 0x000001dfeb6fb9f0 1622       3       java.util.concurrent.locks.LockSupport::parkNanos (15 bytes)
Event: 30.265 Thread 0x000001dfeb6fb9f0 nmethod 1622 0x000001dfcff25610 code [0x000001dfcff257c0, 0x000001dfcff25928]
Event: 30.265 Thread 0x000001dfeb6fb9f0 1623       3       java.util.LinkedHashMap::values (25 bytes)
Event: 30.265 Thread 0x000001dfeb6fb9f0 nmethod 1623 0x000001dfcff25a10 code [0x000001dfcff25bc0, 0x000001dfcff25f58]
Event: 30.265 Thread 0x000001dfeb6fb9f0 1624       3       java.util.LinkedHashMap$LinkedValues::iterator (12 bytes)
Event: 30.265 Thread 0x000001dfeb6fb9f0 nmethod 1624 0x000001dfcff26090 code [0x000001dfcff26260, 0x000001dfcff26638]
Event: 30.265 Thread 0x000001dfeb6fb9f0 1625       3       java.util.LinkedHashMap$LinkedValueIterator::<init> (11 bytes)
Event: 30.266 Thread 0x000001dfeb6fb9f0 nmethod 1625 0x000001dfcff26790 code [0x000001dfcff26940, 0x000001dfcff26c78]
Event: 30.266 Thread 0x000001dfeb6fb9f0 1626       3       javax.swing.SwingUtilities::isEventDispatchThread (4 bytes)
Event: 30.266 Thread 0x000001dfeb6fb9f0 nmethod 1626 0x000001dfcff26d90 code [0x000001dfcff26f60, 0x000001dfcff27248]
Event: 30.266 Thread 0x000001dfeb6fb9f0 1627       3       kotlinx.coroutines.internal.LockFreeLinkedListNode::getPrevNode (25 bytes)
Event: 30.266 Thread 0x000001dfeb6fb9f0 nmethod 1627 0x000001dfcff27390 code [0x000001dfcff27580, 0x000001dfcff27b18]
Event: 30.316 Thread 0x000001dfeb6fb9f0 1628       3       javax.imageio.ImageTypeSpecifier::<init> (39 bytes)
Event: 30.316 Thread 0x000001dfeb6fb9f0 nmethod 1628 0x000001dfcff27c90 code [0x000001dfcff27e60, 0x000001dfcff28368]
Event: 30.458 Thread 0x000001dfeb6fb9f0 1629       3       java.util.HashSet::remove (20 bytes)
Event: 30.459 Thread 0x000001dfeb6fb9f0 nmethod 1629 0x000001dfcff28510 code [0x000001dfcff286c0, 0x000001dfcff28908]
Event: 30.910 Thread 0x000001dfeb6fb9f0 1630       3       Renderer::onRender (1136 bytes)
Event: 30.914 Thread 0x000001dfeb6fb9f0 nmethod 1630 0x000001dfcff28a10 code [0x000001dfcff29660, 0x000001dfcff31d18]
Event: 30.959 Thread 0x000001dfeb6f8ef0 1631       4       java.util.HashMap::get (19 bytes)
Event: 30.962 Thread 0x000001dfeb6f8ef0 nmethod 1631 0x000001dfd7126290 code [0x000001dfd7126440, 0x000001dfd7126908]

GC Heap History (20 events):
Event: 23.566 GC heap before
{Heap before GC invocations=4 (full 0):
 garbage-first heap   total 251904K, used 148643K [0x000000070a600000, 0x0000000800000000)
  region size 2048K, 73 young (149504K), 2 survivors (4096K)
 Metaspace       used 11080K, committed 11328K, reserved 1064960K
  class space    used 1069K, committed 1216K, reserved 1048576K
}
Event: 23.568 GC heap after
{Heap after GC invocations=5 (full 0):
 garbage-first heap   total 251904K, used 3243K [0x000000070a600000, 0x0000000800000000)
  region size 2048K, 2 young (4096K), 2 survivors (4096K)
 Metaspace       used 11080K, committed 11328K, reserved 1064960K
  class space    used 1069K, committed 1216K, reserved 1048576K
}
Event: 24.426 GC heap before
{Heap before GC invocations=5 (full 0):
 garbage-first heap   total 251904K, used 148651K [0x000000070a600000, 0x0000000800000000)
  region size 2048K, 73 young (149504K), 2 survivors (4096K)
 Metaspace       used 11095K, committed 11392K, reserved 1064960K
  class space    used 1069K, committed 1216K, reserved 1048576K
}
Event: 24.428 GC heap after
{Heap after GC invocations=6 (full 0):
 garbage-first heap   total 251904K, used 3248K [0x000000070a600000, 0x0000000800000000)
  region size 2048K, 2 young (4096K), 2 survivors (4096K)
 Metaspace       used 11095K, committed 11392K, reserved 1064960K
  class space    used 1069K, committed 1216K, reserved 1048576K
}
Event: 25.275 GC heap before
{Heap before GC invocations=6 (full 0):
 garbage-first heap   total 251904K, used 148656K [0x000000070a600000, 0x0000000800000000)
  region size 2048K, 73 young (149504K), 2 survivors (4096K)
 Metaspace       used 11135K, committed 11392K, reserved 1064960K
  class space    used 1069K, committed 1216K, reserved 1048576K
}
Event: 25.278 GC heap after
{Heap after GC invocations=7 (full 0):
 garbage-first heap   total 251904K, used 3241K [0x000000070a600000, 0x0000000800000000)
  region size 2048K, 2 young (4096K), 2 survivors (4096K)
 Metaspace       used 11135K, committed 11392K, reserved 1064960K
  class space    used 1069K, committed 1216K, reserved 1048576K
}
Event: 26.143 GC heap before
{Heap before GC invocations=7 (full 0):
 garbage-first heap   total 251904K, used 148649K [0x000000070a600000, 0x0000000800000000)
  region size 2048K, 73 young (149504K), 2 survivors (4096K)
 Metaspace       used 11145K, committed 11392K, reserved 1064960K
  class space    used 1069K, committed 1216K, reserved 1048576K
}
Event: 26.145 GC heap after
{Heap after GC invocations=8 (full 0):
 garbage-first heap   total 251904K, used 3341K [0x000000070a600000, 0x0000000800000000)
  region size 2048K, 2 young (4096K), 2 survivors (4096K)
 Metaspace       used 11145K, committed 11392K, reserved 1064960K
  class space    used 1069K, committed 1216K, reserved 1048576K
}
Event: 27.008 GC heap before
{Heap before GC invocations=8 (full 0):
 garbage-first heap   total 251904K, used 148749K [0x000000070a600000, 0x0000000800000000)
  region size 2048K, 73 young (149504K), 2 survivors (4096K)
 Metaspace       used 11192K, committed 11392K, reserved 1064960K
  class space    used 1069K, committed 1216K, reserved 1048576K
}
Event: 27.011 GC heap after
{Heap after GC invocations=9 (full 0):
 garbage-first heap   total 251904K, used 3345K [0x000000070a600000, 0x0000000800000000)
  region size 2048K, 2 young (4096K), 2 survivors (4096K)
 Metaspace       used 11192K, committed 11392K, reserved 1064960K
  class space    used 1069K, committed 1216K, reserved 1048576K
}
Event: 27.883 GC heap before
{Heap before GC invocations=9 (full 0):
 garbage-first heap   total 251904K, used 148753K [0x000000070a600000, 0x0000000800000000)
  region size 2048K, 73 young (149504K), 2 survivors (4096K)
 Metaspace       used 11237K, committed 11520K, reserved 1064960K
  class space    used 1069K, committed 1216K, reserved 1048576K
}
Event: 27.885 GC heap after
{Heap after GC invocations=10 (full 0):
 garbage-first heap   total 251904K, used 3265K [0x000000070a600000, 0x0000000800000000)
  region size 2048K, 2 young (4096K), 2 survivors (4096K)
 Metaspace       used 11237K, committed 11520K, reserved 1064960K
  class space    used 1069K, committed 1216K, reserved 1048576K
}
Event: 28.748 GC heap before
{Heap before GC invocations=10 (full 0):
 garbage-first heap   total 251904K, used 148673K [0x000000070a600000, 0x0000000800000000)
  region size 2048K, 73 young (149504K), 2 survivors (4096K)
 Metaspace       used 11252K, committed 11520K, reserved 1064960K
  class space    used 1072K, committed 1216K, reserved 1048576K
}
Event: 28.751 GC heap after
{Heap after GC invocations=11 (full 0):
 garbage-first heap   total 251904K, used 3255K [0x000000070a600000, 0x0000000800000000)
  region size 2048K, 2 young (4096K), 2 survivors (4096K)
 Metaspace       used 11252K, committed 11520K, reserved 1064960K
  class space    used 1072K, committed 1216K, reserved 1048576K
}
Event: 29.615 GC heap before
{Heap before GC invocations=11 (full 0):
 garbage-first heap   total 251904K, used 148663K [0x000000070a600000, 0x0000000800000000)
  region size 2048K, 73 young (149504K), 2 survivors (4096K)
 Metaspace       used 11252K, committed 11520K, reserved 1064960K
  class space    used 1072K, committed 1216K, reserved 1048576K
}
Event: 29.618 GC heap after
{Heap after GC invocations=12 (full 0):
 garbage-first heap   total 251904K, used 3254K [0x000000070a600000, 0x0000000800000000)
  region size 2048K, 2 young (4096K), 2 survivors (4096K)
 Metaspace       used 11252K, committed 11520K, reserved 1064960K
  class space    used 1072K, committed 1216K, reserved 1048576K
}
Event: 30.479 GC heap before
{Heap before GC invocations=12 (full 0):
 garbage-first heap   total 251904K, used 148662K [0x000000070a600000, 0x0000000800000000)
  region size 2048K, 73 young (149504K), 2 survivors (4096K)
 Metaspace       used 11262K, committed 11520K, reserved 1064960K
  class space    used 1072K, committed 1216K, reserved 1048576K
}
Event: 30.482 GC heap after
{Heap after GC invocations=13 (full 0):
 garbage-first heap   total 251904K, used 3244K [0x000000070a600000, 0x0000000800000000)
  region size 2048K, 2 young (4096K), 2 survivors (4096K)
 Metaspace       used 11262K, committed 11520K, reserved 1064960K
  class space    used 1072K, committed 1216K, reserved 1048576K
}
Event: 31.338 GC heap before
{Heap before GC invocations=13 (full 0):
 garbage-first heap   total 251904K, used 148652K [0x000000070a600000, 0x0000000800000000)
  region size 2048K, 73 young (149504K), 2 survivors (4096K)
 Metaspace       used 11282K, committed 11520K, reserved 1064960K
  class space    used 1072K, committed 1216K, reserved 1048576K
}
Event: 31.341 GC heap after
{Heap after GC invocations=14 (full 0):
 garbage-first heap   total 251904K, used 3241K [0x000000070a600000, 0x0000000800000000)
  region size 2048K, 2 young (4096K), 2 survivors (4096K)
 Metaspace       used 11282K, committed 11520K, reserved 1064960K
  class space    used 1072K, committed 1216K, reserved 1048576K
}

Deoptimization events (20 events):
Event: 20.861 Thread 0x000001dfec495490 DEOPT PACKING pc=0x000001dfcfe30264 sp=0x0000009e765fe240
Event: 20.861 Thread 0x000001dfec495490 DEOPT UNPACKING pc=0x000001dfcf53dece sp=0x0000009e765fd898 mode 0
Event: 20.926 Thread 0x000001dfec495490 Uncommon trap: trap_request=0xffffff45 fr.pc=0x000001dfd70ee8c4 relative=0x0000000000002a44
Event: 20.926 Thread 0x000001dfec495490 Uncommon trap: reason=unstable_if action=reinterpret pc=0x000001dfd70ee8c4 method=com.sun.imageio.plugins.png.PNGImageWriter.encodePass(Ljavax/imageio/stream/ImageOutputStream;Ljava/awt/image/RenderedImage;IIII)V @ 303 c2
Event: 20.926 Thread 0x000001dfec495490 DEOPT PACKING pc=0x000001dfd70ee8c4 sp=0x0000009e765fe3e0
Event: 20.926 Thread 0x000001dfec495490 DEOPT UNPACKING pc=0x000001dfcf53d72e sp=0x0000009e765fe388 mode 2
Event: 20.989 Thread 0x000001dfec495490 DEOPT PACKING pc=0x000001dfcfe62e3c sp=0x0000009e765fe3a0
Event: 20.989 Thread 0x000001dfec495490 DEOPT UNPACKING pc=0x000001dfcf53dece sp=0x0000009e765fd888 mode 0
Event: 21.048 Thread 0x000001dfec495490 DEOPT PACKING pc=0x000001dfcfe62e3c sp=0x0000009e765fe3a0
Event: 21.048 Thread 0x000001dfec495490 DEOPT UNPACKING pc=0x000001dfcf53dece sp=0x0000009e765fd888 mode 0
Event: 21.101 Thread 0x000001dfec495490 DEOPT PACKING pc=0x000001dfcfe62e3c sp=0x0000009e765fe3a0
Event: 21.101 Thread 0x000001dfec495490 DEOPT UNPACKING pc=0x000001dfcf53dece sp=0x0000009e765fd888 mode 0
Event: 21.155 Thread 0x000001dfec495490 DEOPT PACKING pc=0x000001dfcfe62e3c sp=0x0000009e765fe3a0
Event: 21.155 Thread 0x000001dfec495490 DEOPT UNPACKING pc=0x000001dfcf53dece sp=0x0000009e765fd888 mode 0
Event: 21.209 Thread 0x000001dfec495490 DEOPT PACKING pc=0x000001dfcfe62e3c sp=0x0000009e765fe3a0
Event: 21.209 Thread 0x000001dfec495490 DEOPT UNPACKING pc=0x000001dfcf53dece sp=0x0000009e765fd888 mode 0
Event: 21.264 Thread 0x000001dfec495490 DEOPT PACKING pc=0x000001dfcfe62e3c sp=0x0000009e765fe3a0
Event: 21.264 Thread 0x000001dfec495490 DEOPT UNPACKING pc=0x000001dfcf53dece sp=0x0000009e765fd888 mode 0
Event: 26.069 Thread 0x000001dfec495490 DEOPT PACKING pc=0x000001dfcfea5df2 sp=0x0000009e765fe4d0
Event: 26.069 Thread 0x000001dfec495490 DEOPT UNPACKING pc=0x000001dfcf53dece sp=0x0000009e765fd970 mode 0

Classes unloaded (0 events):
No events

Classes redefined (0 events):
No events

Internal exceptions (17 events):
Event: 0.081 Thread 0x000001dfec3a9160 Exception <a 'java/lang/NoSuchMethodError'{0x000000071995b5b8}: 'java.lang.Object java.lang.invoke.DirectMethodHandle$Holder.invokeStatic(java.lang.Object)'> (0x000000071995b5b8) 
thrown [t:\workspace\open\src\hotspot\share\interpreter\linkResolver.cpp, line 790]
Event: 0.081 Thread 0x000001dfec3a9160 Exception <a 'java/lang/NoSuchMethodError'{0x000000071995eec8}: 'java.lang.Object java.lang.invoke.DirectMethodHandle$Holder.invokeStaticInit(java.lang.Object)'> (0x000000071995eec8) 
thrown [t:\workspace\open\src\hotspot\share\interpreter\linkResolver.cpp, line 790]
Event: 0.086 Thread 0x000001dfec3a9160 Exception <a 'java/lang/NoSuchMethodError'{0x000000071996cb88}: 'void java.lang.invoke.DirectMethodHandle$Holder.invokeStatic(java.lang.Object, java.lang.Object)'> (0x000000071996cb88) 
thrown [t:\workspace\open\src\hotspot\share\interpreter\linkResolver.cpp, line 790]
Event: 1.074 Thread 0x000001dfeb6f4d00 Exception <a 'java/lang/NoSuchMethodError'{0x0000000719660a38}: 'java.lang.Object java.lang.invoke.DirectMethodHandle$Holder.invokeStaticInit(java.lang.Object, int)'> (0x0000000719660a38) 
thrown [t:\workspace\open\src\hotspot\share\interpreter\linkResolver.cpp, line 790]
Event: 20.058 Thread 0x000001dfc6558970 Exception <a 'java/lang/ClassNotFoundException'{0x00000007194c5e80}: sun/awt/resources/spi/awtProvider> (0x00000007194c5e80) 
thrown [t:\workspace\open\src\hotspot\share\classfile\systemDictionary.cpp, line 256]
Event: 20.072 Thread 0x000001dfc6558970 Exception <a 'java/io/FileNotFoundException'{0x0000000719519d88}> (0x0000000719519d88) 
thrown [t:\workspace\open\src\hotspot\share\prims\jni.cpp, line 579]
Event: 20.077 Thread 0x000001dfc6558970 Exception <a 'java/io/FileNotFoundException'{0x0000000719548858}> (0x0000000719548858) 
thrown [t:\workspace\open\src\hotspot\share\prims\jni.cpp, line 579]
Event: 20.079 Thread 0x000001dfc6558970 Exception <a 'java/lang/NoSuchMethodError'{0x000000071954e108}: 'void java.lang.invoke.DirectMethodHandle$Holder.invokeSpecial(java.lang.Object, java.lang.Object, java.lang.Object)'> (0x000000071954e108) 
thrown [t:\workspace\open\src\hotspot\share\interpreter\linkResolver.cpp, line 790]
Event: 20.187 Thread 0x000001dfec495490 Exception <a 'java/lang/NoSuchMethodError'{0x00000007192db990}: 'java.lang.Object java.lang.invoke.DirectMethodHandle$Holder.newInvokeSpecial(java.lang.Object, java.lang.Object, java.lang.Object, java.lang.Object, java.lang.Object)'> (0x00000007192db990) 
thrown [t:\workspace\open\src\hotspot\share\interpreter\linkResolver.cpp, line 790]
Event: 20.188 Thread 0x000001dfec495490 Exception <a 'java/lang/NoSuchMethodError'{0x00000007192e76d8}: 'java.lang.Object java.lang.invoke.DirectMethodHandle$Holder.invokeStatic(java.lang.Object, int, java.lang.Object, java.lang.Object, java.lang.Object, java.lang.Object)'> (0x00000007192e76d8) 
thrown [t:\workspace\open\src\hotspot\share\interpreter\linkResolver.cpp, line 790]
Event: 20.191 Thread 0x000001dfec495490 Exception <a 'java/lang/NoSuchMethodError'{0x000000071930d7a0}: 'java.lang.Object java.lang.invoke.DirectMethodHandle$Holder.invokeStatic(java.lang.Object, int, java.lang.Object)'> (0x000000071930d7a0) 
thrown [t:\workspace\open\src\hotspot\share\interpreter\linkResolver.cpp, line 790]
Event: 20.207 Thread 0x000001dfec495490 Exception <a 'java/lang/ClassNotFoundException'{0x00000007193c5ba8}: com/sun/swing/internal/plaf/metal/resources/spi/metalProvider> (0x00000007193c5ba8) 
thrown [t:\workspace\open\src\hotspot\share\classfile\systemDictionary.cpp, line 256]
Event: 20.208 Thread 0x000001dfec495490 Exception <a 'java/lang/ClassNotFoundException'{0x00000007193c9fe8}: com/sun/swing/internal/plaf/basic/resources/spi/basicProvider> (0x00000007193c9fe8) 
thrown [t:\workspace\open\src\hotspot\share\classfile\systemDictionary.cpp, line 256]
Event: 20.212 Thread 0x000001dfec495490 Implicit null exception at 0x000001dfd70c3faf to 0x000001dfd70c402d
Event: 20.273 Thread 0x000001dfec495490 Exception <a 'java/lang/NoSuchMethodError'{0x0000000718c86b20}: 'void java.lang.invoke.DirectMethodHandle$Holder.invokeStatic(java.lang.Object, java.lang.Object, java.lang.Object)'> (0x0000000718c86b20) 
thrown [t:\workspace\open\src\hotspot\share\interpreter\linkResolver.cpp, line 790]
Event: 20.308 Thread 0x000001dfec4575a0 Exception <a 'java/lang/NoSuchMethodError'{0x00000007195db1c0}: 'void java.lang.invoke.DirectMethodHandle$Holder.invokeVirtual(java.lang.Object, java.lang.Object)'> (0x00000007195db1c0) 
thrown [t:\workspace\open\src\hotspot\share\interpreter\linkResolver.cpp, line 790]
Event: 20.318 Thread 0x000001dfec495490 Exception <a 'java/lang/NoSuchMethodError'{0x0000000718bbfa58}: 'void java.lang.invoke.DirectMethodHandle$Holder.invokeStaticInit(java.lang.Object)'> (0x0000000718bbfa58) 
thrown [t:\workspace\open\src\hotspot\share\interpreter\linkResolver.cpp, line 790]

Events (20 events):
Event: 27.011 Executing  VM operation: G1CollectForAllocation done
Event: 27.883 Executing  VM operation: G1CollectForAllocation
Event: 27.885 Executing  VM operation: G1CollectForAllocation done
Event: 28.316 Thread 0x000001dfec3ca850 Thread exited: 0x000001dfec3ca850
Event: 28.628 loading class java/awt/event/MouseEvent$1
Event: 28.628 loading class sun/awt/AWTAccessor$MouseEventAccessor
Event: 28.628 loading class sun/awt/AWTAccessor$MouseEventAccessor done
Event: 28.628 loading class java/awt/event/MouseEvent$1 done
Event: 28.669 loading class java/awt/Cursor$CursorDisposer
Event: 28.669 loading class java/awt/Cursor$CursorDisposer done
Event: 28.669 loading class java/awt/event/MouseWheelEvent
Event: 28.669 loading class java/awt/event/MouseWheelEvent done
Event: 28.748 Executing  VM operation: G1CollectForAllocation
Event: 28.751 Executing  VM operation: G1CollectForAllocation done
Event: 29.615 Executing  VM operation: G1CollectForAllocation
Event: 29.618 Executing  VM operation: G1CollectForAllocation done
Event: 30.479 Executing  VM operation: G1CollectForAllocation
Event: 30.482 Executing  VM operation: G1CollectForAllocation done
Event: 31.338 Executing  VM operation: G1CollectForAllocation
Event: 31.341 Executing  VM operation: G1CollectForAllocation done


Dynamic libraries:
0x00007ff7e72f0000 - 0x00007ff7e72fe000 	C:\Users\79068\.jdks\openjdk-16.0.2\bin\java.exe
0x00007ffbbccf0000 - 0x00007ffbbcee5000 	C:\windows\SYSTEM32\ntdll.dll
0x00007ffbbbd90000 - 0x00007ffbbbe4e000 	C:\windows\System32\KERNEL32.DLL
0x00007ffbba500000 - 0x00007ffbba7c9000 	C:\windows\System32\KERNELBASE.dll
0x00007ffbbac40000 - 0x00007ffbbad40000 	C:\windows\System32\ucrtbase.dll
0x00007ffba6570000 - 0x00007ffba6589000 	C:\Users\79068\.jdks\openjdk-16.0.2\bin\VCRUNTIME140.dll
0x00007ffba6590000 - 0x00007ffba65a8000 	C:\Users\79068\.jdks\openjdk-16.0.2\bin\jli.dll
0x00007ffbbc7c0000 - 0x00007ffbbc961000 	C:\windows\System32\USER32.dll
0x00007ffba4450000 - 0x00007ffba46ea000 	C:\windows\WinSxS\amd64_microsoft.windows.common-controls_6595b64144ccf1df_6.0.19041.1110_none_60b5254171f9507e\COMCTL32.dll
0x00007ffbba9b0000 - 0x00007ffbba9d2000 	C:\windows\System32\win32u.dll
0x00007ffbbc4f0000 - 0x00007ffbbc58e000 	C:\windows\System32\msvcrt.dll
0x00007ffbbc2b0000 - 0x00007ffbbc2db000 	C:\windows\System32\GDI32.dll
0x00007ffbba870000 - 0x00007ffbba97b000 	C:\windows\System32\gdi32full.dll
0x00007ffbba7d0000 - 0x00007ffbba86d000 	C:\windows\System32\msvcp_win.dll
0x00007ffbbbe50000 - 0x00007ffbbbe80000 	C:\windows\System32\IMM32.DLL
0x00007ffbb29c0000 - 0x00007ffbb29cc000 	C:\Users\79068\.jdks\openjdk-16.0.2\bin\vcruntime140_1.dll
0x00007ffba64d0000 - 0x00007ffba6561000 	C:\Users\79068\.jdks\openjdk-16.0.2\bin\msvcp140.dll
0x00007ffb30eb0000 - 0x00007ffb31a5b000 	C:\Users\79068\.jdks\openjdk-16.0.2\bin\server\jvm.dll
0x00007ffbbb9a0000 - 0x00007ffbbba4c000 	C:\windows\System32\ADVAPI32.dll
0x00007ffbbc720000 - 0x00007ffbbc7bb000 	C:\windows\System32\sechost.dll
0x00007ffbbcb80000 - 0x00007ffbbccaa000 	C:\windows\System32\RPCRT4.dll
0x00007ffbbbe80000 - 0x00007ffbbbe88000 	C:\windows\System32\PSAPI.DLL
0x00007ffbb09a0000 - 0x00007ffbb09c7000 	C:\windows\SYSTEM32\WINMM.dll
0x00007ffb9d8c0000 - 0x00007ffb9d8c9000 	C:\windows\SYSTEM32\WSOCK32.dll
0x00007ffbb2aa0000 - 0x00007ffbb2aaa000 	C:\windows\SYSTEM32\VERSION.dll
0x00007ffbbc340000 - 0x00007ffbbc3ab000 	C:\windows\System32\WS2_32.dll
0x00007ffbb8c90000 - 0x00007ffbb8ca2000 	C:\windows\SYSTEM32\kernel.appcore.dll
0x00007ffba64c0000 - 0x00007ffba64ca000 	C:\Users\79068\.jdks\openjdk-16.0.2\bin\jimage.dll
0x00007ffbb8140000 - 0x00007ffbb8324000 	C:\windows\SYSTEM32\DBGHELP.DLL
0x00007ffba18b0000 - 0x00007ffba18dc000 	C:\windows\SYSTEM32\dbgcore.DLL
0x00007ffbba410000 - 0x00007ffbba493000 	C:\windows\System32\bcryptPrimitives.dll
0x00007ffba65c0000 - 0x00007ffba65ce000 	C:\Users\79068\.jdks\openjdk-16.0.2\bin\instrument.dll
0x00007ffba6490000 - 0x00007ffba64b5000 	C:\Users\79068\.jdks\openjdk-16.0.2\bin\java.dll
0x00007ffbbb1e0000 - 0x00007ffbbb91f000 	C:\windows\System32\SHELL32.dll
0x00007ffbb84f0000 - 0x00007ffbb8c80000 	C:\windows\SYSTEM32\windows.storage.dll
0x00007ffbbbea0000 - 0x00007ffbbc1f5000 	C:\windows\System32\combase.dll
0x00007ffbb9df0000 - 0x00007ffbb9e1c000 	C:\windows\SYSTEM32\Wldp.dll
0x00007ffbbc200000 - 0x00007ffbbc2ad000 	C:\windows\System32\SHCORE.dll
0x00007ffbbc970000 - 0x00007ffbbc9c5000 	C:\windows\System32\shlwapi.dll
0x00007ffbba350000 - 0x00007ffbba36f000 	C:\windows\SYSTEM32\profapi.dll
0x00007ffb9cdb0000 - 0x00007ffb9cdc8000 	C:\Users\79068\.jdks\openjdk-16.0.2\bin\zip.dll
0x00007ffba40e0000 - 0x00007ffba40f9000 	C:\Users\79068\.jdks\openjdk-16.0.2\bin\net.dll
0x00007ffbb4d20000 - 0x00007ffbb4e28000 	C:\windows\SYSTEM32\WINHTTP.dll
0x00007ffbb9b50000 - 0x00007ffbb9bba000 	C:\windows\system32\mswsock.dll
0x00007ffba40c0000 - 0x00007ffba40d3000 	C:\Users\79068\.jdks\openjdk-16.0.2\bin\nio.dll
0x00007ffb9cd90000 - 0x00007ffb9cdaa000 	C:\Program Files\JetBrains\IntelliJ IDEA Community Edition 2021.2.1\bin\breakgen64.dll
0x00007ffb5c100000 - 0x00007ffb5c27f000 	C:\Users\79068\.jdks\openjdk-16.0.2\bin\awt.dll
0x00007ffbbc9d0000 - 0x00007ffbbca9d000 	C:\windows\System32\OLEAUT32.dll
0x00007ffbb7930000 - 0x00007ffbb79c0000 	C:\windows\SYSTEM32\apphelp.dll
0x00007ffbb7af0000 - 0x00007ffbb7b8e000 	C:\windows\system32\uxtheme.dll
0x00007ffbbbc70000 - 0x00007ffbbbd85000 	C:\windows\System32\MSCTF.dll
0x00007ffbbc590000 - 0x00007ffbbc6ba000 	C:\windows\System32\ole32.dll
0x00007ffbb7d00000 - 0x00007ffbb7d2f000 	C:\windows\system32\DWMAPI.DLL
0x00007ffb6d460000 - 0x00007ffb6d585000 	C:\windows\system32\opengl32.dll
0x00007ffb84720000 - 0x00007ffb8474c000 	C:\windows\SYSTEM32\GLU32.dll
0x00007ffb6dfa0000 - 0x00007ffb6e16e000 	C:\windows\system32\d3d9.dll
0x00007ffbacc70000 - 0x00007ffbace4b000 	C:\windows\System32\DriverStore\FileRepository\u0369631.inf_amd64_88e1f90c6b221b8e\B369439\aticfx64.dll
0x00007ffb8d710000 - 0x00007ffb8d743000 	C:\windows\System32\DriverStore\FileRepository\u0369631.inf_amd64_88e1f90c6b221b8e\B369439\atiu9p64.dll
0x00007ffb5f850000 - 0x00007ffb605aa000 	C:\windows\System32\DriverStore\FileRepository\u0369631.inf_amd64_88e1f90c6b221b8e\B369439\atiumd64.dll
0x0000000063530000 - 0x00000000643fb000 	C:\windows\System32\DriverStore\FileRepository\u0369631.inf_amd64_88e1f90c6b221b8e\B369439\atiumd6a.dll
0x00007ffbb9eb0000 - 0x00007ffbb9efb000 	C:\windows\SYSTEM32\POWRPROF.dll
0x00007ffbb9e60000 - 0x00007ffbb9e72000 	C:\windows\SYSTEM32\UMPDC.dll
0x00007ffbacc40000 - 0x00007ffbacc70000 	C:\windows\SYSTEM32\amdihk64.dll
0x00007ffbb09d0000 - 0x00007ffbb0a0b000 	C:\windows\SYSTEM32\dxcore.dll
0x00007ffbbab40000 - 0x00007ffbbab8e000 	C:\windows\System32\cfgmgr32.dll
0x00007ffb2ff90000 - 0x00007ffb30ea5000 	C:\Users\79068\.skiko\15b0e38388b99fcb372a0bde0b08c191a29004709b37f27d822ee2985788fe6e\skiko-windows-x64.dll
0x00007ffba57f0000 - 0x00007ffba5a73000 	C:\windows\SYSTEM32\dwrite.dll
0x00007ffb5cb10000 - 0x00007ffb5cb99000 	C:\Users\79068\.jdks\openjdk-16.0.2\bin\freetype.dll
0x00007ffb4e190000 - 0x00007ffb4e286000 	C:\Users\79068\.jdks\openjdk-16.0.2\bin\harfbuzz.dll
0x00007ffb9cd70000 - 0x00007ffb9cd82000 	C:\Users\79068\.jdks\openjdk-16.0.2\bin\fontmanager.dll
0x00007ffba65b0000 - 0x00007ffba65b7000 	C:\Users\79068\.jdks\openjdk-16.0.2\bin\jawt.dll
0x00007ffbb8d00000 - 0x00007ffbb8df4000 	C:\windows\SYSTEM32\Dxgi.dll
0x00007ffb82590000 - 0x00007ffb825b0000 	C:\windows\SYSTEM32\D3D12.dll
0x00007ffb492f0000 - 0x00007ffb494bd000 	C:\windows\SYSTEM32\D3D12Core.dll
0x00007ffb21e30000 - 0x00007ffb24b17000 	C:\windows\System32\DriverStore\FileRepository\u0369631.inf_amd64_88e1f90c6b221b8e\B369439\amdxc64.dll
0x00007ffbaca80000 - 0x00007ffbacaab000 	C:\windows\SYSTEM32\D3DSCache.dll
0x00007ffbba310000 - 0x00007ffbba33e000 	C:\windows\SYSTEM32\USERENV.dll
0x00007ffbb3020000 - 0x00007ffbb3221000 	C:\windows\SYSTEM32\twinapi.appcore.dll
0x00007ffbb6610000 - 0x00007ffbb67f5000 	C:\windows\SYSTEM32\dcomp.dll
0x00007ffbb5f40000 - 0x00007ffbb639d000 	C:\windows\SYSTEM32\d3dcompiler_47.dll
0x00007ffbb9d40000 - 0x00007ffbb9d58000 	C:\windows\SYSTEM32\CRYPTSP.dll
0x00007ffba6f80000 - 0x00007ffba7079000 	C:\windows\SYSTEM32\textinputframework.dll
0x00007ffbb7380000 - 0x00007ffbb76de000 	C:\windows\System32\CoreUIComponents.dll
0x00007ffbb77e0000 - 0x00007ffbb78d2000 	C:\windows\System32\CoreMessaging.dll
0x00007ffbb9100000 - 0x00007ffbb9133000 	C:\windows\SYSTEM32\ntmarta.dll
0x00007ffbb6dc0000 - 0x00007ffbb6f14000 	C:\windows\SYSTEM32\wintypes.dll

dbghelp: loaded successfully - version: 4.0.5 - missing functions: none
symbol engine: initialized successfully - sym options: 0x614 - pdb path: .;C:\Users\79068\.jdks\openjdk-16.0.2\bin;C:\windows\SYSTEM32;C:\windows\WinSxS\amd64_microsoft.windows.common-controls_6595b64144ccf1df_6.0.19041.1110_none_60b5254171f9507e;C:\Users\79068\.jdks\openjdk-16.0.2\bin\server;C:\Program Files\JetBrains\IntelliJ IDEA Community Edition 2021.2.1\bin;C:\windows\System32\DriverStore\FileRepository\u0369631.inf_amd64_88e1f90c6b221b8e\B369439;C:\Users\79068\.skiko\15b0e38388b99fcb372a0bde0b08c191a29004709b37f27d822ee2985788fe6e

VM Arguments:
jvm_args: -javaagent:C:\Program Files\JetBrains\IntelliJ IDEA Community Edition 2021.2.1\lib\idea_rt.jar=61911:C:\Program Files\JetBrains\IntelliJ IDEA Community Edition 2021.2.1\bin -Dfile.encoding=UTF-8 
java_command: MainKt
java_class_path (initial): C:\Users\79068\IdeaProjects\pf-2021-viz-yaninalex2003\build\classes\kotlin\main;C:\Users\79068\.gradle\caches\modules-2\files-2.1\org.jetbrains.kotlin\kotlin-stdlib-jdk8\1.5.10\3f4af7aff21c4ec46e3cdd645639d0a63a68d3d0\kotlin-stdlib-jdk8-1.5.10.jar;C:\Users\79068\.gradle\caches\modules-2\files-2.1\org.jetbrains.kotlinx\kotlinx-coroutines-swing\1.4.1\60c1303504d7e745820865d4f29be7ea23303318\kotlinx-coroutines-swing-1.4.1.jar;C:\Users\79068\.gradle\caches\modules-2\files-2.1\org.jetbrains.skiko\skiko-jvm-runtime-windows-x64\0.3.17\175b2ce1f5ed09d49dc7b15d8dd1e11b556189a4\skiko-jvm-runtime-windows-x64-0.3.17.jar;C:\Users\79068\.gradle\caches\modules-2\files-2.1\org.jetbrains.kotlin\kotlin-stdlib-jdk7\1.5.10\c49d0703d16c6cb1526cc07b9b46486da1dd8a60\kotlin-stdlib-jdk7-1.5.10.jar;C:\Users\79068\.gradle\caches\modules-2\files-2.1\org.jetbrains.kotlin\kotlin-stdlib\1.5.10\da6a904b132f0402fa4d79169a3c1770598d4702\kotlin-stdlib-1.5.10.jar;C:\Users\79068\.gradle\caches\modules-2\files-2.1\org.jetbrains.kotlinx\kotlinx-datetime-jvm\0.2.1\11f9a2e0cf44d986812d79ae78a545b6713971e5\kotlinx-datetime-jvm-0.2.1.jar;C:\Users\79068\.gradle\caches\modules-2\files-2.1\org.jetbrains.kotlin\kotlin-stdlib-common\1.5.10\6b84d926e28493be69daf673e40076f89492ef7\kotlin-stdlib-common-1.5.10.jar;C:\Users\79068\.gradle\caches\modules-2\files-2.1\org.jetbrains\annotations\13.0\919f0dfe192fb4e063e7dacadee7f8bb9a2672a9\annotations-13.0.jar;C:\Users\79068\.gradle\caches\modules-2\files-2.1\org.jetbrains.kotlinx\kotlinx-coroutines-core-jvm\1.4.1\936067d1e0195f638396f60e71da745bb14a35ca\kotlinx-coroutines-core-jvm-1.4.1.jar
Launcher Type: SUN_STANDARD

[Global flags]
     intx CICompilerCount                          = 12                                        {product} {ergonomic}
     uint ConcGCThreads                            = 3                                         {product} {ergonomic}
     uint G1ConcRefinementThreads                  = 13                                        {product} {ergonomic}
   size_t G1HeapRegionSize                         = 2097152                                   {product} {ergonomic}
    uintx GCDrainStackTargetSize                   = 64                                        {product} {ergonomic}
   size_t InitialHeapSize                          = 257949696                                 {product} {ergonomic}
   size_t MarkStackSize                            = 4194304                                   {product} {ergonomic}
   size_t MaxHeapSize                              = 4120903680                                {product} {ergonomic}
   size_t MaxNewSize                               = 2472542208                                {product} {ergonomic}
   size_t MinHeapDeltaBytes                        = 2097152                                   {product} {ergonomic}
   size_t MinHeapSize                              = 8388608                                   {product} {ergonomic}
    uintx NonNMethodCodeHeapSize                   = 7602480                                {pd product} {ergonomic}
    uintx NonProfiledCodeHeapSize                  = 122027880                              {pd product} {ergonomic}
    uintx ProfiledCodeHeapSize                     = 122027880                              {pd product} {ergonomic}
    uintx ReservedCodeCacheSize                    = 251658240                              {pd product} {ergonomic}
     bool SegmentedCodeCache                       = true                                      {product} {ergonomic}
   size_t SoftMaxHeapSize                          = 4120903680                             {manageable} {ergonomic}
     bool UseCompressedClassPointers               = true                           {product lp64_product} {ergonomic}
     bool UseCompressedOops                        = true                           {product lp64_product} {ergonomic}
     bool UseG1GC                                  = true                                      {product} {ergonomic}
     bool UseLargePagesIndividualAllocation        = false                                  {pd product} {ergonomic}

Logging:
Log output configuration:
 #0: stdout all=warning uptime,level,tags
 #1: stderr all=off uptime,level,tags

Environment Variables:
PATH=C:\windows\system32;C:\windows;C:\windows\System32\Wbem;C:\windows\System32\WindowsPowerShell\v1.0\;C:\windows\System32\OpenSSH\;C:\Program Files\Git\cmd;C:\Users\79068\AppData\Local\Microsoft\WindowsApps;
USERNAME=79068
OS=Windows_NT
PROCESSOR_IDENTIFIER=AMD64 Family 23 Model 104 Stepping 1, AuthenticAMD



---------------  S Y S T E M  ---------------

OS:
 Windows 10 , 64 bit Build 19041 (10.0.19041.1202)
OS uptime: 3 days 7:14 hours

CPU: total 16 (initial active 16) (16 cores per cpu, 2 threads per core) family 23 model 104 stepping 1 microcode 0x0, cx8, cmov, fxsr, ht, mmx, 3dnowpref, sse, sse2, sse3, ssse3, sse4a, sse4.1, sse4.2, popcnt, lzcnt, tsc, tscinvbit, avx, avx2, aes, clmul, bmi1, bmi2, adx, sha, fma, vzeroupper, clflush, clflushopt

Memory: 4k page, system-wide physical 15712M (5277M free)
TotalPageFile size 18912M (AvailPageFile size 4665M)
current process WorkingSet (physical memory assigned to process): 296M, peak: 373M
current process commit charge ("private bytes"): 496M, peak: 578M

vm_info: OpenJDK 64-Bit Server VM (16.0.2+7-67) for windows-amd64 JRE (16.0.2+7-67), built on Jun  8 2021 23:21:43 by "mach5one" with MS VC++ 16.7 (VS2019)

END.
