#
# A fatal error has been detected by the Java Runtime Environment:
#
#  EXCEPTION_ACCESS_VIOLATION (0xc0000005) at pc=0x000001451e42e957, pid=19160, tid=37172
#
# JRE version: OpenJDK Runtime Environment (16.0.2+7) (build 16.0.2+7-67)
# Java VM: OpenJDK 64-Bit Server VM (16.0.2+7-67, mixed mode, sharing, tiered, compressed oops, compressed class ptrs, g1 gc, windows-amd64)
# Problematic frame:
# J 1093 c2 java.awt.image.ComponentSampleModel.getDataElements(IILjava/lang/Object;Ljava/awt/image/DataBuffer;)Ljava/lang/Object; java.desktop@16.0.2 (441 bytes) @ 0x000001451e42e957 [0x000001451e42e7c0+0x0000000000000197]
#
# No core dump will be written. Minidumps are not enabled by default on client versions of Windows
#
# If you would like to submit a bug report, please visit:
#   https://bugreport.java.com/bugreport/crash.jsp
#

---------------  S U M M A R Y ------------

Command Line: -javaagent:C:\Program Files\JetBrains\IntelliJ IDEA Community Edition 2021.2.1\lib\idea_rt.jar=50781:C:\Program Files\JetBrains\IntelliJ IDEA Community Edition 2021.2.1\bin -Dfile.encoding=UTF-8 MainKt

Host: AMD Ryzen 7 5700U with Radeon Graphics         , 16 cores, 15G,  Windows 10 , 64 bit Build 19041 (10.0.19041.1202)
Time: Tue Oct 19 18:46:14 2021  Windows 10 , 64 bit Build 19041 (10.0.19041.1202) elapsed time: 48.846200 seconds (0d 0h 0m 48s)

---------------  T H R E A D  ---------------

Current thread (0x00000145338528b0):  JavaThread "AWT-EventQueue-0" [_thread_in_Java, id=37172, stack(0x0000000738400000,0x0000000738500000)]

Stack: [0x0000000738400000,0x0000000738500000],  sp=0x00000007384fe230,  free space=1016k
Native frames: (J=compiled Java code, j=interpreted, Vv=VM code, C=native code)
C  0x000001451e42e957


siginfo: EXCEPTION_ACCESS_VIOLATION (0xc0000005), reading address 0x00000145495bef7a


Register to memory mapping:

RIP=0x000001451e42e957 is at entry_point+407 in (nmethod*)0x000001451e42e610
RAX=0x0 is NULL
RBX=2622406493 is a compressed pointer to object: [I 
{0x00000004e275fae8} - klass: {type array int}
 - length: 4
RCX=0x00000004e275fae8 is an oop: [I 
{0x00000004e275fae8} - klass: {type array int}
 - length: 4
RDX=0x0000014549443040 is an unknown value
RSP=0x00000007384fe230 is pointing into the stack for thread: 0x00000145338528b0
RBP=0x0000000000000001 is an unknown value
RSI=0x00000004e26006c0 is an oop: org.jetbrains.skiko.DirectDataBuffer 
{0x00000004e26006c0} - klass: 'org/jetbrains/skiko/DirectDataBuffer'
RDI=0x00000000003ce0e8 is an unknown value
R8 =0x00000004e275fb40 is an oop: java.nio.DirectByteBuffer 
{0x00000004e275fb40} - klass: 'java/nio/DirectByteBuffer'
R9 =0x00000004eb8f2468 is an oop: [B 
{0x00000004eb8f2468} - klass: {type array byte}
 - length: 4
R10=0x000000000017bf3a is an unknown value
R11=0x0000000000000004 is an unknown value
R12=0x0 is NULL
R13=0x00000004eb8f11e8 is an oop: [B 
{0x00000004eb8f11e8} - klass: {type array byte}
 - length: 4716
R14=0x0000000000000003 is an unknown value
R15=0x00000145338528b0 is a thread


Registers:
RAX=0x0000000000000000, RBX=0x000000009c4ebf5d, RCX=0x00000004e275fae8, RDX=0x0000014549443040
RSP=0x00000007384fe230, RBP=0x0000000000000001, RSI=0x00000004e26006c0, RDI=0x00000000003ce0e8
R8 =0x00000004e275fb40, R9 =0x00000004eb8f2468, R10=0x000000000017bf3a, R11=0x0000000000000004
R12=0x0000000000000000, R13=0x00000004eb8f11e8, R14=0x0000000000000003, R15=0x00000145338528b0
RIP=0x000001451e42e957, EFLAGS=0x0000000000010213

Top of Stack: (sp=0x00000007384fe230)
0x00000007384fe230:   00000000ffffffff 00000004e26006c0
0x00000007384fe240:   0017bf3800000000 00000004eb8efdd0
0x00000007384fe250:   00000004e275fb00 00000004e26006e8
0x00000007384fe260:   ffffffff0019740a 00000145248ee000
0x00000007384fe270:   00000004eb8f1110 00000004eb8efe18
0x00000007384fe280:   0000000000000000 000001459d71dfb8
0x00000007384fe290:   0000000000000000 000001451e4363e8
0x00000007384fe2a0:   000000010000126c 0000000400000000
0x00000007384fe2b0:   00000004e26006e8 0000014b0000049b
0x00000007384fe2c0:   0000000000000003 00000004eb8f11e8
0x00000007384fe2d0:   0000000000000004 000000000000014a
0x00000007384fe2e0:   000000000000126c 00000004e2fb7700
0x00000007384fe2f0:   0000000000000009 000001451e46a578
0x00000007384fe300:   000000009c4c00d8 000001451e457c9c
0x00000007384fe310:   00000004e26006c0 00000004e2fb76c0
0x00000007384fe320:   0000000000000000 000001451e46a578 

Instructions: (pc=0x000001451e42e957)
0x000001451e42e857:   c5 2a 00 00 0f 85 f0 04 00 00 4c 8b cf 45 85 db
0x000001451e42e867:   0f 8e 5a 02 00 00 4c 8b 54 24 28 45 8b 42 30 47
0x000001451e42e877:   8b 54 c4 0c 45 85 d2 0f 86 1b 04 00 00 49 63 cb
0x000001451e42e887:   4d 63 d2 48 ff c9 49 3b ca 0f 83 da 03 00 00 4c
0x000001451e42e897:   8b 54 24 28 41 8b 5a 2c 45 8b 54 dc 0c 45 85 d2
0x000001451e42e8a7:   0f 86 f9 03 00 00 4d 63 d2 49 3b ca 0f 83 df 03
0x000001451e42e8b7:   00 00 48 8b 7c 24 08 44 8b 47 08 41 81 f8 da 02
0x000001451e42e8c7:   1a 00 0f 85 ad 03 00 00 48 8b f7 44 8b 46 24 47
0x000001451e42e8d7:   8b 54 c4 08 41 81 fa 34 85 03 00 0f 85 94 03 00
0x000001451e42e8e7:   00 49 c1 e0 03 45 3b 60 24 0f 85 86 03 00 00 49
0x000001451e42e8f7:   ba 98 55 72 e2 04 00 00 00 45 3b 62 70 0f 84 72
0x000001451e42e907:   03 00 00 45 8b 51 0c 45 85 d2 0f 86 65 03 00 00
0x000001451e42e917:   4d 63 d2 49 3b ca 0f 83 59 03 00 00 44 8b 54 24
0x000001451e42e927:   14 45 03 54 dc 10 45 85 d2 0f 8c da 03 00 00 41
0x000001451e42e937:   8b 78 1c 44 3b d7 0f 8d d4 03 00 00 49 8b 48 10
0x000001451e42e947:   41 8b eb 83 c5 fd 48 8b d1 49 8d 0c dc 4d 63 d2
0x000001451e42e957:   46 0f be 14 12 45 88 51 10 bb 01 00 00 00 41 ba
0x000001451e42e967:   00 00 00 80 44 3b dd 41 0f 4c ea 83 fd 01 0f 8e
0x000001451e42e977:   12 01 00 00 41 be a0 0f 00 00 c4 c1 f9 6e c0 c4
0x000001451e42e987:   c1 79 6e cb 44 8b c5 44 2b c3 45 33 d2 3b eb 45
0x000001451e42e997:   0f 4c c2 41 81 f8 a0 0f 00 00 45 0f 47 c6 44 03
0x000001451e42e9a7:   c3 0f 1f 84 00 00 00 00 00 4c 63 eb 44 8b 5c 24
0x000001451e42e9b7:   14 46 03 5c a9 10 45 85 db 0f 8c ff 01 00 00 44
0x000001451e42e9c7:   3b df 0f 8d 41 02 00 00 44 8b 54 24 14 46 03 54
0x000001451e42e9d7:   a9 14 8b c3 ff c0 4d 63 db 46 0f be 1c 1a 47 88
0x000001451e42e9e7:   5c 29 10 45 85 d2 0f 8c d7 01 00 00 44 3b d7 0f
0x000001451e42e9f7:   8d 19 02 00 00 44 8b 5c 24 14 46 03 5c a9 18 8b
0x000001451e42ea07:   c3 83 c0 02 4d 63 d2 46 0f be 14 12 47 88 54 29
0x000001451e42ea17:   11 45 85 db 0f 8c a6 01 00 00 44 3b df 0f 8d e8
0x000001451e42ea27:   01 00 00 44 8b 54 24 14 46 03 54 a9 1c 8b c3 83
0x000001451e42ea37:   c0 03 4d 63 db 46 0f be 1c 1a 47 88 5c 29 12 45
0x000001451e42ea47:   85 d2 0f 8c 7b 01 00 00 44 3b d7 0f 8d bd 01 00 


Stack slot to memory mapping:
stack at sp + 0 slots: 0x00000000ffffffff is an unknown value
stack at sp + 1 slots: 0x00000004e26006c0 is an oop: org.jetbrains.skiko.DirectDataBuffer 
{0x00000004e26006c0} - klass: 'org/jetbrains/skiko/DirectDataBuffer'
stack at sp + 2 slots: 0x0017bf3800000000 is an unknown value
stack at sp + 3 slots: 0x00000004eb8efdd0 is pointing into object: [I 
{0x00000004eb8efdc0} - klass: {type array int}
 - length: 4
stack at sp + 4 slots: 0x00000004e275fb00 is pointing into object: [I 
{0x00000004e275fae8} - klass: {type array int}
 - length: 4
stack at sp + 5 slots: 0x00000004e26006e8 is an oop: java.awt.image.PixelInterleavedSampleModel 
{0x00000004e26006e8} - klass: 'java/awt/image/PixelInterleavedSampleModel'
stack at sp + 6 slots: 0xffffffff0019740a is an unknown value
stack at sp + 7 slots: 0x00000145248ee000 is an unknown value

--------------------------------------------------------------------------------
[Constant Pool (empty)]

--------------------------------------------------------------------------------

[MachCode]
  0x000001451e42e7c0: 448b 5208 | 49c1 e203 | 49bb 0000 | 0000 0800 | 0000 4d03 | d349 3bc2 | 0f85 a2e2 | 45f8 6690 
  0x000001451e42e7e0: 8984 2400 | 90ff ff55 | 4883 ec60 | 4889 7424 | 0848 8954 | 2428 458b | d045 85c0 | 0f8c ab04 
  0x000001451e42e800: 0000 4585 | c90f 8cb9 | 0400 008b | 6a0c 443b | c50f 8dc5 | 0400 008b | 6a10 443b | cd0f 8dd1 
  0x000001451e42e820: 0400 0045 | 8bd9 440f | af5a 2444 | 0faf 5228 | 8b6a 1845 | 03da 4489 | 5c24 1444 | 8b5a 1485 
  0x000001451e42e840: ed0f 8509 | 0400 0048 | 85ff 0f84 | 8d02 0000 | 448b 4708 | 4181 f8c5 | 2a00 000f | 85f0 0400 
  0x000001451e42e860: 004c 8bcf | 4585 db0f | 8e5a 0200 | 004c 8b54 | 2428 458b | 4230 478b | 54c4 0c45 | 85d2 0f86 
  0x000001451e42e880: 1b04 0000 | 4963 cb4d | 63d2 48ff | c949 3bca | 0f83 da03 | 0000 4c8b | 5424 2841 | 8b5a 2c45 
  0x000001451e42e8a0: 8b54 dc0c | 4585 d20f | 86f9 0300 | 004d 63d2 | 493b ca0f | 83df 0300 | 0048 8b7c | 2408 448b 
  0x000001451e42e8c0: 4708 4181 | f8da 021a | 000f 85ad | 0300 0048 | 8bf7 448b | 4624 478b | 54c4 0841 | 81fa 3485 
  0x000001451e42e8e0: 0300 0f85 | 9403 0000 | 49c1 e003 | 453b 6024 | 0f85 8603 | 0000 49ba | 9855 72e2 | 0400 0000 
  0x000001451e42e900: 453b 6270 | 0f84 7203 | 0000 458b | 510c 4585 | d20f 8665 | 0300 004d | 63d2 493b | ca0f 8359 
  0x000001451e42e920: 0300 0044 | 8b54 2414 | 4503 54dc | 1045 85d2 | 0f8c da03 | 0000 418b | 781c 443b | d70f 8dd4 
  0x000001451e42e940: 0300 0049 | 8b48 1041 | 8beb 83c5 | fd48 8bd1 | 498d 0cdc | 4d63 d246 | 0fbe 1412 | 4588 5110 
  0x000001451e42e960: bb01 0000 | 0041 ba00 | 0000 8044 | 3bdd 410f | 4cea 83fd | 010f 8e12 | 0100 0041 | bea0 0f00 
  0x000001451e42e980: 00c4 c1f9 | 6ec0 c4c1 | 796e cb44 | 8bc5 442b | c345 33d2 | 3beb 450f | 4cc2 4181 | f8a0 0f00 
  0x000001451e42e9a0: 0045 0f47 | c644 03c3 | 0f1f 8400 | 0000 0000 | 4c63 eb44 | 8b5c 2414 | 4603 5ca9 | 1045 85db 
  0x000001451e42e9c0: 0f8c ff01 | 0000 443b | df0f 8d41 | 0200 0044 | 8b54 2414 | 4603 54a9 | 148b c3ff | c04d 63db 
  0x000001451e42e9e0: 460f be1c | 1a47 885c | 2910 4585 | d20f 8cd7 | 0100 0044 | 3bd7 0f8d | 1902 0000 | 448b 5c24 
  0x000001451e42ea00: 1446 035c | a918 8bc3 | 83c0 024d | 63d2 460f | be14 1247 | 8854 2911 | 4585 db0f | 8ca6 0100 
  0x000001451e42ea20: 0044 3bdf | 0f8d e801 | 0000 448b | 5424 1446 | 0354 a91c | 8bc3 83c0 | 034d 63db | 460f be1c 
  0x000001451e42ea40: 1a47 885c | 2912 4585 | d20f 8c7b | 0100 0044 | 3bd7 0f8d | bd01 0000 | 4d63 d246 | 0fbe 1412 
  0x000001451e42ea60: 4788 5429 | 1383 c304 | 413b d80f | 8c3f ffff | ff4d 8b97 | 2001 0000 | 4185 023b | dd0f 8c08 
  0x000001451e42ea80: ffff ffc4 | c1f9 7ec0 | c4c1 797e | cb41 3bdb | 7d35 6690 | 4863 c344 | 8b54 2414 | 4403 5481 
  0x000001451e42eaa0: 1045 85d2 | 0f8c 2c01 | 0000 443b | d70f 8d6e | 0100 004d | 63d2 460f | be14 1245 | 8854 0110 
  0x000001451e42eac0: ffc3 413b | db7c cd49 | 8bc1 4883 | c460 5d49 | 3ba7 1801 | 0000 0f87 | a702 0000 | c341 81fb 
  0x000001451e42eae0: 0000 1000 | 0f87 5f02 | 0000 4963 | cb41 81fb | 0000 1000 | 0f87 2402 | 0000 4d8b | 8f30 0100 
  0x000001451e42eb00: 0048 83c1 | 174c 8bd1 | 4983 e2f8 | 4d8b c14d | 03c2 4d3b | 8740 0100 | 000f 83ff | 0100 004d 
  0x000001451e42eb20: 8987 3001 | 0000 498b | f948 83c7 | 1049 c701 | 0100 0000 | 410f 1880 | 0001 0000 | 41c7 4108 
  0x000001451e42eb40: c52a 0000 | 4589 590c | 410f 1880 | 4001 0000 | 410f 1880 | 8001 0000 | 48c1 e903 | 4883 c1fe 
  0x000001451e42eb60: 4833 c048 | 83f9 087f | 1048 ffc9 | 7852 4889 | 04cf 48ff | c97d f7eb | 4748 8bc7 | c5fd efc0 
  0x000001451e42eb80: e90d 0000 | 00c5 fe7f | 00c5 fe7f | 4020 4883 | c040 4883 | e908 7ded | 4883 c104 | 7c0c c5fe 
  0x000001451e42eba0: 7f00 4883 | c020 4883 | e904 4883 | c104 7e10 | 48ff c9c5 | f9d6 0048 | 83c0 0848 | ffc9 7df3 
  0x000001451e42ebc0: e99f fcff | ff8b c345 | 8bd3 c4c1 | f97e c0c4 | c179 7ecb | 8bd8 ba45 | ffff ff8b | 6c24 144c 
  0x000001451e42ebe0: 894c 2410 | 895c 240c | 4489 5424 | 1c4c 8b54 | 2428 4c89 | 5424 2048 | 8974 2428 | 4489 5c24 
  0x000001451e42ec00: 304c 8944 | 2440 4c89 | 4424 48e8 | 70ea 45f8 | 8bc3 458b | d3c4 c1f9 | 7ec0 c4c1 | 797e cb8b 
  0x000001451e42ec20: d8ba 45ff | ffff 8b6c | 2414 4c89 | 4c24 1089 | 5c24 0c44 | 8954 241c | 897c 2420 | 4889 7424 
  0x000001451e42ec40: 3044 895c | 2424 4c89 | 4424 40e8 | 30ea 45f8 | ba45 ffff | ff44 8b44 | 2414 4489 | 0424 4889 
  0x000001451e42ec60: 7c24 1844 | 895c 2404 | 6666 90e8 | 10ea 45f8 | 488b 7c24 | 08eb 0548 | 8b7c 2408 | ba76 ffff 
  0x000001451e42ec80: ff8b 6c24 | 144c 890c | 2448 897c | 2410 4489 | 5c24 1ce8 | e8e9 45f8 | 488b 7c24 | 08eb dd48 
  0x000001451e42eca0: 8b7c 2408 | ebd6 488b | 7c24 08eb | cfba 45ff | ffff 418b | e948 897c | 2418 4489 | 4424 14e8 
  0x000001451e42ecc0: bce9 45f8 | ba45 ffff | ff44 890c | 2444 8944 | 2404 4889 | 7c24 18e8 | a4e9 45f8 | ba45 ffff 
  0x000001451e42ece0: ff44 890c | 2448 897c | 2418 4489 | 4424 20e8 | 8ce9 45f8 | ba45 ffff | ff44 894c | 2404 4489 
  0x000001451e42ed00: 4424 1848 | 897c 2420 | 6666 90e8 | 70e9 45f8 | 33c0 e9bd | feff ff33 | c0e9 01ff | ffff 48ba 
  0x000001451e42ed20: 2856 0100 | 0800 0000 | 458b c348 | 8b6c 2428 | 4489 5c24 | 1866 90e8 | 443b 51f8 | 4c8b c844 
  0x000001451e42ed40: 8b5c 2418 | e977 feff | ff49 63cb | e99c fdff | ffba deff | ffff 8b6c | 2414 4489 | 5c24 1048 
  0x000001451e42ed60: 897c 2418 | 6666 90e8 | 14e9 45f8 | 488b 7c24 | 08e9 06ff | ffff 488b | d048 83c4 | 605d e97d 
  0x000001451e42ed80: 4b51 f849 | bacf ea42 | 1e45 0100 | 004d 8997 | 9003 0000 | e967 f545 | f8f4 f4f4 | f4f4 f4f4 
  0x000001451e42eda0: e95b 4843 | f8e8 0000 | 0000 4883 | 2c24 05e9 | 6cec 45f8 | f4f4 f4f4 
[/MachCode]
--------------------------------------------------------------------------------


---------------  P R O C E S S  ---------------

Threads class SMR info:
_java_thread_list=0x0000014539fab4c0, length=24, elements={
0x0000014532a8e890, 0x0000014532a8f550, 0x0000014532aa6280, 0x0000014532aa6c80,
0x0000014532aa9690, 0x0000014532aaa090, 0x0000014532aaae70, 0x0000014532aad970,
0x0000014532ab18b0, 0x0000014532a72e10, 0x0000014533674060, 0x0000014533678590,
0x00000145338219a0, 0x0000014533842660, 0x0000014533843000, 0x00000145338528b0,
0x0000014533f5f1c0, 0x0000014533edb630, 0x0000014533edbb50, 0x0000014533f548c0,
0x0000014533f54e10, 0x0000014533f558b0, 0x0000014533f55e00, 0x00000145334fb150
}

Java Threads: ( => current thread )
  0x0000014532a8e890 JavaThread "Reference Handler" daemon [_thread_blocked, id=21364, stack(0x0000000737300000,0x0000000737400000)]
  0x0000014532a8f550 JavaThread "Finalizer" daemon [_thread_blocked, id=14412, stack(0x0000000737400000,0x0000000737500000)]
  0x0000014532aa6280 JavaThread "Signal Dispatcher" daemon [_thread_blocked, id=34080, stack(0x0000000737500000,0x0000000737600000)]
  0x0000014532aa6c80 JavaThread "Attach Listener" daemon [_thread_blocked, id=38244, stack(0x0000000737600000,0x0000000737700000)]
  0x0000014532aa9690 JavaThread "Service Thread" daemon [_thread_blocked, id=24584, stack(0x0000000737700000,0x0000000737800000)]
  0x0000014532aaa090 JavaThread "Monitor Deflation Thread" daemon [_thread_blocked, id=21356, stack(0x0000000737800000,0x0000000737900000)]
  0x0000014532aaae70 JavaThread "C2 CompilerThread0" daemon [_thread_blocked, id=35520, stack(0x0000000737900000,0x0000000737a00000)]
  0x0000014532aad970 JavaThread "C1 CompilerThread0" daemon [_thread_blocked, id=33916, stack(0x0000000737a00000,0x0000000737b00000)]
  0x0000014532ab18b0 JavaThread "Sweeper thread" daemon [_thread_blocked, id=37520, stack(0x0000000737b00000,0x0000000737c00000)]
  0x0000014532a72e10 JavaThread "Common-Cleaner" daemon [_thread_blocked, id=35480, stack(0x0000000737c00000,0x0000000737d00000)]
  0x0000014533674060 JavaThread "Monitor Ctrl-Break" daemon [_thread_in_native, id=37752, stack(0x0000000738000000,0x0000000738100000)]
  0x0000014533678590 JavaThread "Notification Thread" daemon [_thread_blocked, id=24960, stack(0x0000000738100000,0x0000000738200000)]
  0x00000145338219a0 JavaThread "Java2D Disposer" daemon [_thread_blocked, id=5596, stack(0x0000000737e00000,0x0000000737f00000)]
  0x0000014533842660 JavaThread "AWT-Shutdown" [_thread_blocked, id=33524, stack(0x0000000737f00000,0x0000000738000000)]
  0x0000014533843000 JavaThread "AWT-Windows" daemon [_thread_in_native, id=38040, stack(0x0000000738300000,0x0000000738400000)]
=>0x00000145338528b0 JavaThread "AWT-EventQueue-0" [_thread_in_Java, id=37172, stack(0x0000000738400000,0x0000000738500000)]
  0x0000014533f5f1c0 JavaThread "DefaultDispatcher-worker-1" daemon [_thread_blocked, id=37736, stack(0x0000000739100000,0x0000000739200000)]
  0x0000014533edb630 JavaThread "DefaultDispatcher-worker-2" daemon [_thread_blocked, id=18628, stack(0x0000000739200000,0x0000000739300000)]
  0x0000014533edbb50 JavaThread "DefaultDispatcher-worker-3" daemon [_thread_blocked, id=29808, stack(0x0000000739300000,0x0000000739400000)]
  0x0000014533f548c0 JavaThread "Cleaner-0" daemon [_thread_blocked, id=15492, stack(0x0000000739400000,0x0000000739500000)]
  0x0000014533f54e10 JavaThread "kotlinx.coroutines.DefaultExecutor" daemon [_thread_blocked, id=8564, stack(0x0000000739500000,0x0000000739600000)]
  0x0000014533f558b0 JavaThread "D3D Screen Updater" daemon [_thread_blocked, id=8396, stack(0x0000000739600000,0x0000000739700000)]
  0x0000014533f55e00 JavaThread "DestroyJavaVM" [_thread_blocked, id=38656, stack(0x0000000736c00000,0x0000000736d00000)]
  0x00000145334fb150 JavaThread "C1 CompilerThread1" daemon [_thread_blocked, id=34836, stack(0x0000000737d00000,0x0000000737e00000)]

Other Threads:
  0x0000014532a8bd50 VMThread "VM Thread" [stack: 0x0000000737200000,0x0000000737300000] [id=39804]
  0x000001453367a2d0 WatcherThread [stack: 0x0000000738200000,0x0000000738300000] [id=38616]
  0x000001450d94a970 GCTaskThread "GC Thread#0" [stack: 0x0000000736d00000,0x0000000736e00000] [id=2564]
  0x0000014539e5ae10 GCTaskThread "GC Thread#1" [stack: 0x0000000739900000,0x0000000739a00000] [id=32700]
  0x0000014539e5bd60 GCTaskThread "GC Thread#2" [stack: 0x0000000739a00000,0x0000000739b00000] [id=15632]
  0x0000014539e5ba50 GCTaskThread "GC Thread#3" [stack: 0x0000000739b00000,0x0000000739c00000] [id=37804]
  0x0000014539e5b430 GCTaskThread "GC Thread#4" [stack: 0x0000000739c00000,0x0000000739d00000] [id=24924]
  0x0000014539e5c070 GCTaskThread "GC Thread#5" [stack: 0x0000000739d00000,0x0000000739e00000] [id=23788]
  0x0000014539e5b740 GCTaskThread "GC Thread#6" [stack: 0x0000000739e00000,0x0000000739f00000] [id=24100]
  0x0000014539e5c380 GCTaskThread "GC Thread#7" [stack: 0x0000000739f00000,0x000000073a000000] [id=38080]
  0x0000014539e5c690 GCTaskThread "GC Thread#8" [stack: 0x000000073a000000,0x000000073a100000] [id=30904]
  0x0000014539f630b0 GCTaskThread "GC Thread#9" [stack: 0x000000073a100000,0x000000073a200000] [id=34152]
  0x0000014539f62a90 GCTaskThread "GC Thread#10" [stack: 0x000000073a300000,0x000000073a400000] [id=21788]
  0x000001450d95af40 ConcurrentGCThread "G1 Main Marker" [stack: 0x0000000736e00000,0x0000000736f00000] [id=27244]
  0x000001450d95b9b0 ConcurrentGCThread "G1 Conc#0" [stack: 0x0000000736f00000,0x0000000737000000] [id=30580]
  0x000001450d9d8ad0 ConcurrentGCThread "G1 Refine#0" [stack: 0x0000000737000000,0x0000000737100000] [id=30760]
  0x0000014532944630 ConcurrentGCThread "G1 Service" [stack: 0x0000000737100000,0x0000000737200000] [id=3384]

Threads with active compile tasks:

VM state: not at safepoint (normal execution)

VM Mutex/Monitor currently owned by a thread: None

Heap address: 0x00000004dc400000, size: 3930 MB, Compressed Oops mode: Zero based, Oop shift amount: 3

CDS archive(s) mapped at: [0x0000000800000000-0x0000000800bb0000-0x0000000800bb0000), size 12255232, SharedBaseAddress: 0x0000000800000000, ArchiveRelocationMode: 0.
Compressed class space mapped at: 0x0000000800c00000-0x0000000840c00000, reserved size: 1073741824
Narrow klass base: 0x0000000800000000, Narrow klass shift: 3, Narrow klass range: 0x100000000

GC Precious Log:
 CPUs: 16 total, 16 available
 Memory: 15712M
 Large Page Support: Disabled
 NUMA Support: Disabled
 Compressed Oops: Enabled (Zero based)
 Heap Region Size: 2M
 Heap Min Capacity: 8M
 Heap Initial Capacity: 246M
 Heap Max Capacity: 3930M
 Pre-touch: Disabled
 Parallel Workers: 13
 Concurrent Workers: 3
 Concurrent Refinement Workers: 13
 Periodic GC: Disabled

Heap:
 garbage-first heap   total 251904K, used 3244K [0x00000004dc400000, 0x00000005d1e00000)
  region size 2048K, 3 young (6144K), 2 survivors (4096K)
 Metaspace       used 11300K, committed 11520K, reserved 1064960K
  class space    used 1071K, committed 1216K, reserved 1048576K

Heap Regions: E=young(eden), S=young(survivor), O=old, HS=humongous(starts), HC=humongous(continues), CS=collection set, F=free, OA=open archive, CA=closed archive, TAMS=top-at-mark-start (previous, next)
|   0|0x00000004dc400000, 0x00000004dc400000, 0x00000004dc600000|  0%| F|  |TAMS 0x00000004dc400000, 0x00000004dc400000| Untracked 
|   1|0x00000004dc600000, 0x00000004dc600000, 0x00000004dc800000|  0%| F|  |TAMS 0x00000004dc600000, 0x00000004dc600000| Untracked 
|   2|0x00000004dc800000, 0x00000004dc800000, 0x00000004dca00000|  0%| F|  |TAMS 0x00000004dc800000, 0x00000004dc800000| Untracked 
|   3|0x00000004dca00000, 0x00000004dca00000, 0x00000004dcc00000|  0%| F|  |TAMS 0x00000004dca00000, 0x00000004dca00000| Untracked 
|   4|0x00000004dcc00000, 0x00000004dcc00000, 0x00000004dce00000|  0%| F|  |TAMS 0x00000004dcc00000, 0x00000004dcc00000| Untracked 
|   5|0x00000004dce00000, 0x00000004dce00000, 0x00000004dd000000|  0%| F|  |TAMS 0x00000004dce00000, 0x00000004dce00000| Untracked 
|   6|0x00000004dd000000, 0x00000004dd000000, 0x00000004dd200000|  0%| F|  |TAMS 0x00000004dd000000, 0x00000004dd000000| Untracked 
|   7|0x00000004dd200000, 0x00000004dd200000, 0x00000004dd400000|  0%| F|  |TAMS 0x00000004dd200000, 0x00000004dd200000| Untracked 
|   8|0x00000004dd400000, 0x00000004dd400000, 0x00000004dd600000|  0%| F|  |TAMS 0x00000004dd400000, 0x00000004dd400000| Untracked 
|   9|0x00000004dd600000, 0x00000004dd600000, 0x00000004dd800000|  0%| F|  |TAMS 0x00000004dd600000, 0x00000004dd600000| Untracked 
|  10|0x00000004dd800000, 0x00000004dd800000, 0x00000004dda00000|  0%| F|  |TAMS 0x00000004dd800000, 0x00000004dd800000| Untracked 
|  11|0x00000004dda00000, 0x00000004dda00000, 0x00000004ddc00000|  0%| F|  |TAMS 0x00000004dda00000, 0x00000004dda00000| Untracked 
|  12|0x00000004ddc00000, 0x00000004ddc00000, 0x00000004dde00000|  0%| F|  |TAMS 0x00000004ddc00000, 0x00000004ddc00000| Untracked 
|  13|0x00000004dde00000, 0x00000004dde00000, 0x00000004de000000|  0%| F|  |TAMS 0x00000004dde00000, 0x00000004dde00000| Untracked 
|  14|0x00000004de000000, 0x00000004de000000, 0x00000004de200000|  0%| F|  |TAMS 0x00000004de000000, 0x00000004de000000| Untracked 
|  15|0x00000004de200000, 0x00000004de200000, 0x00000004de400000|  0%| F|  |TAMS 0x00000004de200000, 0x00000004de200000| Untracked 
|  16|0x00000004de400000, 0x00000004de400000, 0x00000004de600000|  0%| F|  |TAMS 0x00000004de400000, 0x00000004de400000| Untracked 
|  17|0x00000004de600000, 0x00000004de600000, 0x00000004de800000|  0%| F|  |TAMS 0x00000004de600000, 0x00000004de600000| Untracked 
|  18|0x00000004de800000, 0x00000004de800000, 0x00000004dea00000|  0%| F|  |TAMS 0x00000004de800000, 0x00000004de800000| Untracked 
|  19|0x00000004dea00000, 0x00000004dea00000, 0x00000004dec00000|  0%| F|  |TAMS 0x00000004dea00000, 0x00000004dea00000| Untracked 
|  20|0x00000004dec00000, 0x00000004dec00000, 0x00000004dee00000|  0%| F|  |TAMS 0x00000004dec00000, 0x00000004dec00000| Untracked 
|  21|0x00000004dee00000, 0x00000004dee00000, 0x00000004df000000|  0%| F|  |TAMS 0x00000004dee00000, 0x00000004dee00000| Untracked 
|  22|0x00000004df000000, 0x00000004df000000, 0x00000004df200000|  0%| F|  |TAMS 0x00000004df000000, 0x00000004df000000| Untracked 
|  23|0x00000004df200000, 0x00000004df200000, 0x00000004df400000|  0%| F|  |TAMS 0x00000004df200000, 0x00000004df200000| Untracked 
|  24|0x00000004df400000, 0x00000004df400000, 0x00000004df600000|  0%| F|  |TAMS 0x00000004df400000, 0x00000004df400000| Untracked 
|  25|0x00000004df600000, 0x00000004df600000, 0x00000004df800000|  0%| F|  |TAMS 0x00000004df600000, 0x00000004df600000| Untracked 
|  26|0x00000004df800000, 0x00000004df800000, 0x00000004dfa00000|  0%| F|  |TAMS 0x00000004df800000, 0x00000004df800000| Untracked 
|  27|0x00000004dfa00000, 0x00000004dfa00000, 0x00000004dfc00000|  0%| F|  |TAMS 0x00000004dfa00000, 0x00000004dfa00000| Untracked 
|  28|0x00000004dfc00000, 0x00000004dfc00000, 0x00000004dfe00000|  0%| F|  |TAMS 0x00000004dfc00000, 0x00000004dfc00000| Untracked 
|  29|0x00000004dfe00000, 0x00000004dfe00000, 0x00000004e0000000|  0%| F|  |TAMS 0x00000004dfe00000, 0x00000004dfe00000| Untracked 
|  30|0x00000004e0000000, 0x00000004e0000000, 0x00000004e0200000|  0%| F|  |TAMS 0x00000004e0000000, 0x00000004e0000000| Untracked 
|  31|0x00000004e0200000, 0x00000004e0200000, 0x00000004e0400000|  0%| F|  |TAMS 0x00000004e0200000, 0x00000004e0200000| Untracked 
|  32|0x00000004e0400000, 0x00000004e0400000, 0x00000004e0600000|  0%| F|  |TAMS 0x00000004e0400000, 0x00000004e0400000| Untracked 
|  33|0x00000004e0600000, 0x00000004e0600000, 0x00000004e0800000|  0%| F|  |TAMS 0x00000004e0600000, 0x00000004e0600000| Untracked 
|  34|0x00000004e0800000, 0x00000004e0800000, 0x00000004e0a00000|  0%| F|  |TAMS 0x00000004e0800000, 0x00000004e0800000| Untracked 
|  35|0x00000004e0a00000, 0x00000004e0a00000, 0x00000004e0c00000|  0%| F|  |TAMS 0x00000004e0a00000, 0x00000004e0a00000| Untracked 
|  36|0x00000004e0c00000, 0x00000004e0c00000, 0x00000004e0e00000|  0%| F|  |TAMS 0x00000004e0c00000, 0x00000004e0c00000| Untracked 
|  37|0x00000004e0e00000, 0x00000004e0e00000, 0x00000004e1000000|  0%| F|  |TAMS 0x00000004e0e00000, 0x00000004e0e00000| Untracked 
|  38|0x00000004e1000000, 0x00000004e1000000, 0x00000004e1200000|  0%| F|  |TAMS 0x00000004e1000000, 0x00000004e1000000| Untracked 
|  39|0x00000004e1200000, 0x00000004e1200000, 0x00000004e1400000|  0%| F|  |TAMS 0x00000004e1200000, 0x00000004e1200000| Untracked 
|  40|0x00000004e1400000, 0x00000004e1400000, 0x00000004e1600000|  0%| F|  |TAMS 0x00000004e1400000, 0x00000004e1400000| Untracked 
|  41|0x00000004e1600000, 0x00000004e1600000, 0x00000004e1800000|  0%| F|  |TAMS 0x00000004e1600000, 0x00000004e1600000| Untracked 
|  42|0x00000004e1800000, 0x00000004e1800000, 0x00000004e1a00000|  0%| F|  |TAMS 0x00000004e1800000, 0x00000004e1800000| Untracked 
|  43|0x00000004e1a00000, 0x00000004e1a00000, 0x00000004e1c00000|  0%| F|  |TAMS 0x00000004e1a00000, 0x00000004e1a00000| Untracked 
|  44|0x00000004e1c00000, 0x00000004e1c00000, 0x00000004e1e00000|  0%| F|  |TAMS 0x00000004e1c00000, 0x00000004e1c00000| Untracked 
|  45|0x00000004e1e00000, 0x00000004e1e00000, 0x00000004e2000000|  0%| F|  |TAMS 0x00000004e1e00000, 0x00000004e1e00000| Untracked 
|  46|0x00000004e2000000, 0x00000004e2000000, 0x00000004e2200000|  0%| F|  |TAMS 0x00000004e2000000, 0x00000004e2000000| Untracked 
|  47|0x00000004e2200000, 0x00000004e2200000, 0x00000004e2400000|  0%| F|  |TAMS 0x00000004e2200000, 0x00000004e2200000| Untracked 
|  48|0x00000004e2400000, 0x00000004e252b2d8, 0x00000004e2600000| 58%| S|CS|TAMS 0x00000004e2400000, 0x00000004e2400000| Complete 
|  49|0x00000004e2600000, 0x00000004e2800000, 0x00000004e2800000|100%| S|CS|TAMS 0x00000004e2600000, 0x00000004e2600000| Complete 
|  50|0x00000004e2800000, 0x00000004e2800000, 0x00000004e2a00000|  0%| F|  |TAMS 0x00000004e2800000, 0x00000004e2800000| Untracked 
|  51|0x00000004e2a00000, 0x00000004e2a00000, 0x00000004e2c00000|  0%| F|  |TAMS 0x00000004e2a00000, 0x00000004e2a00000| Untracked 
|  52|0x00000004e2c00000, 0x00000004e2c00000, 0x00000004e2e00000|  0%| F|  |TAMS 0x00000004e2c00000, 0x00000004e2c00000| Untracked 
|  53|0x00000004e2e00000, 0x00000004e2e00000, 0x00000004e3000000|  0%| F|  |TAMS 0x00000004e2e00000, 0x00000004e2e00000| Untracked 
|  54|0x00000004e3000000, 0x00000004e3000000, 0x00000004e3200000|  0%| F|  |TAMS 0x00000004e3000000, 0x00000004e3000000| Untracked 
|  55|0x00000004e3200000, 0x00000004e3200000, 0x00000004e3400000|  0%| F|  |TAMS 0x00000004e3200000, 0x00000004e3200000| Untracked 
|  56|0x00000004e3400000, 0x00000004e3400000, 0x00000004e3600000|  0%| F|  |TAMS 0x00000004e3400000, 0x00000004e3400000| Untracked 
|  57|0x00000004e3600000, 0x00000004e3600000, 0x00000004e3800000|  0%| F|  |TAMS 0x00000004e3600000, 0x00000004e3600000| Untracked 
|  58|0x00000004e3800000, 0x00000004e3800000, 0x00000004e3a00000|  0%| F|  |TAMS 0x00000004e3800000, 0x00000004e3800000| Untracked 
|  59|0x00000004e3a00000, 0x00000004e3a00000, 0x00000004e3c00000|  0%| F|  |TAMS 0x00000004e3a00000, 0x00000004e3a00000| Untracked 
|  60|0x00000004e3c00000, 0x00000004e3c00000, 0x00000004e3e00000|  0%| F|  |TAMS 0x00000004e3c00000, 0x00000004e3c00000| Untracked 
|  61|0x00000004e3e00000, 0x00000004e3e00000, 0x00000004e4000000|  0%| F|  |TAMS 0x00000004e3e00000, 0x00000004e3e00000| Untracked 
|  62|0x00000004e4000000, 0x00000004e4000000, 0x00000004e4200000|  0%| F|  |TAMS 0x00000004e4000000, 0x00000004e4000000| Untracked 
|  63|0x00000004e4200000, 0x00000004e4200000, 0x00000004e4400000|  0%| F|  |TAMS 0x00000004e4200000, 0x00000004e4200000| Untracked 
|  64|0x00000004e4400000, 0x00000004e4400000, 0x00000004e4600000|  0%| F|  |TAMS 0x00000004e4400000, 0x00000004e4400000| Untracked 
|  65|0x00000004e4600000, 0x00000004e4600000, 0x00000004e4800000|  0%| F|  |TAMS 0x00000004e4600000, 0x00000004e4600000| Untracked 
|  66|0x00000004e4800000, 0x00000004e4800000, 0x00000004e4a00000|  0%| F|  |TAMS 0x00000004e4800000, 0x00000004e4800000| Untracked 
|  67|0x00000004e4a00000, 0x00000004e4a00000, 0x00000004e4c00000|  0%| F|  |TAMS 0x00000004e4a00000, 0x00000004e4a00000| Untracked 
|  68|0x00000004e4c00000, 0x00000004e4c00000, 0x00000004e4e00000|  0%| F|  |TAMS 0x00000004e4c00000, 0x00000004e4c00000| Untracked 
|  69|0x00000004e4e00000, 0x00000004e4e00000, 0x00000004e5000000|  0%| F|  |TAMS 0x00000004e4e00000, 0x00000004e4e00000| Untracked 
|  70|0x00000004e5000000, 0x00000004e5000000, 0x00000004e5200000|  0%| F|  |TAMS 0x00000004e5000000, 0x00000004e5000000| Untracked 
|  71|0x00000004e5200000, 0x00000004e5200000, 0x00000004e5400000|  0%| F|  |TAMS 0x00000004e5200000, 0x00000004e5200000| Untracked 
|  72|0x00000004e5400000, 0x00000004e5400000, 0x00000004e5600000|  0%| F|  |TAMS 0x00000004e5400000, 0x00000004e5400000| Untracked 
|  73|0x00000004e5600000, 0x00000004e5600000, 0x00000004e5800000|  0%| F|  |TAMS 0x00000004e5600000, 0x00000004e5600000| Untracked 
|  74|0x00000004e5800000, 0x00000004e5800000, 0x00000004e5a00000|  0%| F|  |TAMS 0x00000004e5800000, 0x00000004e5800000| Untracked 
|  75|0x00000004e5a00000, 0x00000004e5a00000, 0x00000004e5c00000|  0%| F|  |TAMS 0x00000004e5a00000, 0x00000004e5a00000| Untracked 
|  76|0x00000004e5c00000, 0x00000004e5c00000, 0x00000004e5e00000|  0%| F|  |TAMS 0x00000004e5c00000, 0x00000004e5c00000| Untracked 
|  77|0x00000004e5e00000, 0x00000004e5e00000, 0x00000004e6000000|  0%| F|  |TAMS 0x00000004e5e00000, 0x00000004e5e00000| Untracked 
|  78|0x00000004e6000000, 0x00000004e6000000, 0x00000004e6200000|  0%| F|  |TAMS 0x00000004e6000000, 0x00000004e6000000| Untracked 
|  79|0x00000004e6200000, 0x00000004e6200000, 0x00000004e6400000|  0%| F|  |TAMS 0x00000004e6200000, 0x00000004e6200000| Untracked 
|  80|0x00000004e6400000, 0x00000004e6400000, 0x00000004e6600000|  0%| F|  |TAMS 0x00000004e6400000, 0x00000004e6400000| Untracked 
|  81|0x00000004e6600000, 0x00000004e6600000, 0x00000004e6800000|  0%| F|  |TAMS 0x00000004e6600000, 0x00000004e6600000| Untracked 
|  82|0x00000004e6800000, 0x00000004e6800000, 0x00000004e6a00000|  0%| F|  |TAMS 0x00000004e6800000, 0x00000004e6800000| Untracked 
|  83|0x00000004e6a00000, 0x00000004e6a00000, 0x00000004e6c00000|  0%| F|  |TAMS 0x00000004e6a00000, 0x00000004e6a00000| Untracked 
|  84|0x00000004e6c00000, 0x00000004e6c00000, 0x00000004e6e00000|  0%| F|  |TAMS 0x00000004e6c00000, 0x00000004e6c00000| Untracked 
|  85|0x00000004e6e00000, 0x00000004e6e00000, 0x00000004e7000000|  0%| F|  |TAMS 0x00000004e6e00000, 0x00000004e6e00000| Untracked 
|  86|0x00000004e7000000, 0x00000004e7000000, 0x00000004e7200000|  0%| F|  |TAMS 0x00000004e7000000, 0x00000004e7000000| Untracked 
|  87|0x00000004e7200000, 0x00000004e7200000, 0x00000004e7400000|  0%| F|  |TAMS 0x00000004e7200000, 0x00000004e7200000| Untracked 
|  88|0x00000004e7400000, 0x00000004e7400000, 0x00000004e7600000|  0%| F|  |TAMS 0x00000004e7400000, 0x00000004e7400000| Untracked 
|  89|0x00000004e7600000, 0x00000004e7600000, 0x00000004e7800000|  0%| F|  |TAMS 0x00000004e7600000, 0x00000004e7600000| Untracked 
|  90|0x00000004e7800000, 0x00000004e7800000, 0x00000004e7a00000|  0%| F|  |TAMS 0x00000004e7800000, 0x00000004e7800000| Untracked 
|  91|0x00000004e7a00000, 0x00000004e7a00000, 0x00000004e7c00000|  0%| F|  |TAMS 0x00000004e7a00000, 0x00000004e7a00000| Untracked 
|  92|0x00000004e7c00000, 0x00000004e7c00000, 0x00000004e7e00000|  0%| F|  |TAMS 0x00000004e7c00000, 0x00000004e7c00000| Untracked 
|  93|0x00000004e7e00000, 0x00000004e7e00000, 0x00000004e8000000|  0%| F|  |TAMS 0x00000004e7e00000, 0x00000004e7e00000| Untracked 
|  94|0x00000004e8000000, 0x00000004e8000000, 0x00000004e8200000|  0%| F|  |TAMS 0x00000004e8000000, 0x00000004e8000000| Untracked 
|  95|0x00000004e8200000, 0x00000004e8200000, 0x00000004e8400000|  0%| F|  |TAMS 0x00000004e8200000, 0x00000004e8200000| Untracked 
|  96|0x00000004e8400000, 0x00000004e8400000, 0x00000004e8600000|  0%| F|  |TAMS 0x00000004e8400000, 0x00000004e8400000| Untracked 
|  97|0x00000004e8600000, 0x00000004e8600000, 0x00000004e8800000|  0%| F|  |TAMS 0x00000004e8600000, 0x00000004e8600000| Untracked 
|  98|0x00000004e8800000, 0x00000004e8800000, 0x00000004e8a00000|  0%| F|  |TAMS 0x00000004e8800000, 0x00000004e8800000| Untracked 
|  99|0x00000004e8a00000, 0x00000004e8a00000, 0x00000004e8c00000|  0%| F|  |TAMS 0x00000004e8a00000, 0x00000004e8a00000| Untracked 
| 100|0x00000004e8c00000, 0x00000004e8c00000, 0x00000004e8e00000|  0%| F|  |TAMS 0x00000004e8c00000, 0x00000004e8c00000| Untracked 
| 101|0x00000004e8e00000, 0x00000004e8e00000, 0x00000004e9000000|  0%| F|  |TAMS 0x00000004e8e00000, 0x00000004e8e00000| Untracked 
| 102|0x00000004e9000000, 0x00000004e9000000, 0x00000004e9200000|  0%| F|  |TAMS 0x00000004e9000000, 0x00000004e9000000| Untracked 
| 103|0x00000004e9200000, 0x00000004e9200000, 0x00000004e9400000|  0%| F|  |TAMS 0x00000004e9200000, 0x00000004e9200000| Untracked 
| 104|0x00000004e9400000, 0x00000004e9400000, 0x00000004e9600000|  0%| F|  |TAMS 0x00000004e9400000, 0x00000004e9400000| Untracked 
| 105|0x00000004e9600000, 0x00000004e9600000, 0x00000004e9800000|  0%| F|  |TAMS 0x00000004e9600000, 0x00000004e9600000| Untracked 
| 106|0x00000004e9800000, 0x00000004e9800000, 0x00000004e9a00000|  0%| F|  |TAMS 0x00000004e9800000, 0x00000004e9800000| Untracked 
| 107|0x00000004e9a00000, 0x00000004e9a00000, 0x00000004e9c00000|  0%| F|  |TAMS 0x00000004e9a00000, 0x00000004e9a00000| Untracked 
| 108|0x00000004e9c00000, 0x00000004e9c00000, 0x00000004e9e00000|  0%| F|  |TAMS 0x00000004e9c00000, 0x00000004e9c00000| Untracked 
| 109|0x00000004e9e00000, 0x00000004e9e00000, 0x00000004ea000000|  0%| F|  |TAMS 0x00000004e9e00000, 0x00000004e9e00000| Untracked 
| 110|0x00000004ea000000, 0x00000004ea000000, 0x00000004ea200000|  0%| F|  |TAMS 0x00000004ea000000, 0x00000004ea000000| Untracked 
| 111|0x00000004ea200000, 0x00000004ea200000, 0x00000004ea400000|  0%| F|  |TAMS 0x00000004ea200000, 0x00000004ea200000| Untracked 
| 112|0x00000004ea400000, 0x00000004ea400000, 0x00000004ea600000|  0%| F|  |TAMS 0x00000004ea400000, 0x00000004ea400000| Untracked 
| 113|0x00000004ea600000, 0x00000004ea600000, 0x00000004ea800000|  0%| F|  |TAMS 0x00000004ea600000, 0x00000004ea600000| Untracked 
| 114|0x00000004ea800000, 0x00000004ea800000, 0x00000004eaa00000|  0%| F|  |TAMS 0x00000004ea800000, 0x00000004ea800000| Untracked 
| 115|0x00000004eaa00000, 0x00000004eaa00000, 0x00000004eac00000|  0%| F|  |TAMS 0x00000004eaa00000, 0x00000004eaa00000| Untracked 
| 116|0x00000004eac00000, 0x00000004eac00000, 0x00000004eae00000|  0%| F|  |TAMS 0x00000004eac00000, 0x00000004eac00000| Untracked 
| 117|0x00000004eae00000, 0x00000004eae00000, 0x00000004eb000000|  0%| F|  |TAMS 0x00000004eae00000, 0x00000004eae00000| Untracked 
| 118|0x00000004eb000000, 0x00000004eb000000, 0x00000004eb200000|  0%| F|  |TAMS 0x00000004eb000000, 0x00000004eb000000| Untracked 
| 119|0x00000004eb200000, 0x00000004eb200000, 0x00000004eb400000|  0%| F|  |TAMS 0x00000004eb200000, 0x00000004eb200000| Untracked 
| 120|0x00000004eb400000, 0x00000004eb400000, 0x00000004eb600000|  0%| F|  |TAMS 0x00000004eb400000, 0x00000004eb400000| Untracked 
| 121|0x00000004eb600000, 0x00000004eb600000, 0x00000004eb800000|  0%| F|  |TAMS 0x00000004eb600000, 0x00000004eb600000| Untracked 
| 122|0x00000004eb800000, 0x00000004eb9066a8, 0x00000004eba00000| 51%| E|  |TAMS 0x00000004eb800000, 0x00000004eb800000| Complete 

Card table byte_map: [0x0000014526fd0000,0x0000014527780000] _byte_map_base: 0x00000145248ee000

Marking Bits (Prev, Next): (CMBitMap*) 0x000001450d94afe0, (CMBitMap*) 0x000001450d94b020
 Prev Bits: [0x0000014527f30000, 0x000001452bc98000)
 Next Bits: [0x000001452bca0000, 0x000001452fa08000)

Polling page: 0x0000014516820000

Metaspace:

Usage:
  Non-class:      9.99 MB used.
      Class:      1.05 MB used.
       Both:     11.04 MB used.

Virtual space:
  Non-class space:       16.00 MB reserved,      10.06 MB ( 63%) committed,  2 nodes.
      Class space:        1.00 GB reserved,       1.19 MB ( <1%) committed,  1 nodes.
              Both:        1.02 GB reserved,      11.25 MB (  1%) committed. 

Chunk freelists:
   Non-Class:  1.95 MB
       Class:  2.73 MB
        Both:  4.69 MB

MaxMetaspaceSize: 17179869184.00 GB
CompressedClassSpaceSize: 1.00 GB
 - commit_granule_bytes: 65536.
 - commit_granule_words: 8192.
 - virtual_space_node_default_size: 1048576.
 - enlarge_chunks_in_place: 1.
 - new_chunks_are_fully_committed: 0.
 - uncommit_free_chunks: 1.
 - use_allocation_guard: 0.
 - handle_deallocations: 1.


Internal statistics:

num_allocs_failed_limit: 0.
num_arena_births: 118.
num_arena_deaths: 0.
num_vsnodes_births: 3.
num_vsnodes_deaths: 0.
num_space_committed: 180.
num_space_uncommitted: 0.
num_chunks_returned_to_freelist: 0.
num_chunks_taken_from_freelist: 271.
num_chunk_merges: 0.
num_chunk_splits: 194.
num_chunks_enlarged: 141.
num_purges: 0.

CodeHeap 'non-profiled nmethods': size=119168Kb used=602Kb max_used=602Kb free=118565Kb
 bounds [0x000001451e3e0000, 0x000001451e650000, 0x0000014525840000]
CodeHeap 'profiled nmethods': size=119104Kb used=3127Kb max_used=3127Kb free=115976Kb
 bounds [0x0000014516f90000, 0x00000145172a0000, 0x000001451e3e0000]
CodeHeap 'non-nmethods': size=7488Kb used=1911Kb max_used=2493Kb free=5576Kb
 bounds [0x0000014516840000, 0x0000014516b10000, 0x0000014516f90000]
 total_blobs=2353 nmethods=1659 adapters=606
 compilation: enabled
              stopped_count=0, restarted_count=0
 full_count=0

Compilation events (20 events):
Event: 48.623 Thread 0x0000014532aad970 1652       3       java.awt.EventQueue::isDispatchThread (9 bytes)
Event: 48.623 Thread 0x0000014532aad970 nmethod 1652 0x0000014517299990 code [0x0000014517299b60, 0x0000014517299de8]
Event: 48.623 Thread 0x0000014532aad970 1650       3       kotlinx.coroutines.CoroutineDispatcher::releaseInterceptedContinuation (33 bytes)
Event: 48.623 Thread 0x00000145334fb150 1651       3       kotlinx.coroutines.internal.DispatchedContinuation::getReusableCancellableContinuation (17 bytes)
Event: 48.623 Thread 0x0000014532aad970 nmethod 1650 0x0000014517299f10 code [0x000001451729a120, 0x000001451729aad8]
Event: 48.623 Thread 0x00000145334fb150 nmethod 1651 0x000001451729ad10 code [0x000001451729aec0, 0x000001451729b218]
Event: 48.623 Thread 0x0000014532aad970 1653       3       java.util.LinkedHashMap::values (25 bytes)
Event: 48.623 Thread 0x00000145334fb150 1654       3       java.util.LinkedHashMap$LinkedValues::iterator (12 bytes)
Event: 48.623 Thread 0x0000014532aad970 nmethod 1653 0x000001451729b310 code [0x000001451729b4c0, 0x000001451729b858]
Event: 48.623 Thread 0x0000014532aad970 1655       3       java.util.LinkedHashMap$LinkedValueIterator::<init> (11 bytes)
Event: 48.623 Thread 0x0000014532aad970 nmethod 1655 0x000001451729b990 code [0x000001451729bb40, 0x000001451729be78]
Event: 48.623 Thread 0x00000145334fb150 nmethod 1654 0x000001451729bf90 code [0x000001451729c160, 0x000001451729c538]
Event: 48.623 Thread 0x0000014532aad970 1656       3       javax.swing.SwingUtilities::isEventDispatchThread (4 bytes)
Event: 48.623 Thread 0x00000145334fb150 1657       3       kotlinx.coroutines.internal.LockFreeLinkedListNode::getPrevNode (25 bytes)
Event: 48.624 Thread 0x0000014532aad970 nmethod 1656 0x000001451729c690 code [0x000001451729c860, 0x000001451729cb48]
Event: 48.624 Thread 0x00000145334fb150 nmethod 1657 0x000001451729cc90 code [0x000001451729ce80, 0x000001451729d418]
Event: 48.673 Thread 0x0000014532aaae70 1658   !   4       sun.awt.AppContext::get (123 bytes)
Event: 48.675 Thread 0x00000145334fb150 1659       3       javax.imageio.ImageTypeSpecifier::<init> (39 bytes)
Event: 48.676 Thread 0x00000145334fb150 nmethod 1659 0x000001451729d590 code [0x000001451729d760, 0x000001451729dc68]
Event: 48.680 Thread 0x0000014532aaae70 nmethod 1658 0x000001451e475410 code [0x000001451e4755e0, 0x000001451e476308]

GC Heap History (20 events):
Event: 41.014 GC heap before
{Heap before GC invocations=3 (full 0):
 garbage-first heap   total 251904K, used 148605K [0x00000004dc400000, 0x00000005d1e00000)
  region size 2048K, 73 young (149504K), 2 survivors (4096K)
 Metaspace       used 11074K, committed 11264K, reserved 1064960K
  class space    used 1071K, committed 1216K, reserved 1048576K
}
Event: 41.016 GC heap after
{Heap after GC invocations=4 (full 0):
 garbage-first heap   total 251904K, used 3224K [0x00000004dc400000, 0x00000005d1e00000)
  region size 2048K, 2 young (4096K), 2 survivors (4096K)
 Metaspace       used 11074K, committed 11264K, reserved 1064960K
  class space    used 1071K, committed 1216K, reserved 1048576K
}
Event: 41.877 GC heap before
{Heap before GC invocations=4 (full 0):
 garbage-first heap   total 251904K, used 148632K [0x00000004dc400000, 0x00000005d1e00000)
  region size 2048K, 73 young (149504K), 2 survivors (4096K)
 Metaspace       used 11118K, committed 11392K, reserved 1064960K
  class space    used 1071K, committed 1216K, reserved 1048576K
}
Event: 41.880 GC heap after
{Heap after GC invocations=5 (full 0):
 garbage-first heap   total 251904K, used 3323K [0x00000004dc400000, 0x00000005d1e00000)
  region size 2048K, 2 young (4096K), 2 survivors (4096K)
 Metaspace       used 11118K, committed 11392K, reserved 1064960K
  class space    used 1071K, committed 1216K, reserved 1048576K
}
Event: 42.739 GC heap before
{Heap before GC invocations=5 (full 0):
 garbage-first heap   total 251904K, used 148731K [0x00000004dc400000, 0x00000005d1e00000)
  region size 2048K, 73 young (149504K), 2 survivors (4096K)
 Metaspace       used 11132K, committed 11392K, reserved 1064960K
  class space    used 1071K, committed 1216K, reserved 1048576K
}
Event: 42.742 GC heap after
{Heap after GC invocations=6 (full 0):
 garbage-first heap   total 251904K, used 3236K [0x00000004dc400000, 0x00000005d1e00000)
  region size 2048K, 2 young (4096K), 2 survivors (4096K)
 Metaspace       used 11132K, committed 11392K, reserved 1064960K
  class space    used 1071K, committed 1216K, reserved 1048576K
}
Event: 43.612 GC heap before
{Heap before GC invocations=6 (full 0):
 garbage-first heap   total 251904K, used 148644K [0x00000004dc400000, 0x00000005d1e00000)
  region size 2048K, 73 young (149504K), 2 survivors (4096K)
 Metaspace       used 11204K, committed 11456K, reserved 1064960K
  class space    used 1071K, committed 1216K, reserved 1048576K
}
Event: 43.615 GC heap after
{Heap after GC invocations=7 (full 0):
 garbage-first heap   total 251904K, used 3169K [0x00000004dc400000, 0x00000005d1e00000)
  region size 2048K, 2 young (4096K), 2 survivors (4096K)
 Metaspace       used 11204K, committed 11456K, reserved 1064960K
  class space    used 1071K, committed 1216K, reserved 1048576K
}
Event: 44.486 GC heap before
{Heap before GC invocations=7 (full 0):
 garbage-first heap   total 251904K, used 148577K [0x00000004dc400000, 0x00000005d1e00000)
  region size 2048K, 73 young (149504K), 2 survivors (4096K)
 Metaspace       used 11220K, committed 11456K, reserved 1064960K
  class space    used 1071K, committed 1216K, reserved 1048576K
}
Event: 44.488 GC heap after
{Heap after GC invocations=8 (full 0):
 garbage-first heap   total 251904K, used 3330K [0x00000004dc400000, 0x00000005d1e00000)
  region size 2048K, 2 young (4096K), 2 survivors (4096K)
 Metaspace       used 11220K, committed 11456K, reserved 1064960K
  class space    used 1071K, committed 1216K, reserved 1048576K
}
Event: 45.352 GC heap before
{Heap before GC invocations=8 (full 0):
 garbage-first heap   total 251904K, used 148738K [0x00000004dc400000, 0x00000005d1e00000)
  region size 2048K, 73 young (149504K), 2 survivors (4096K)
 Metaspace       used 11232K, committed 11456K, reserved 1064960K
  class space    used 1071K, committed 1216K, reserved 1048576K
}
Event: 45.355 GC heap after
{Heap after GC invocations=9 (full 0):
 garbage-first heap   total 251904K, used 3251K [0x00000004dc400000, 0x00000005d1e00000)
  region size 2048K, 2 young (4096K), 2 survivors (4096K)
 Metaspace       used 11232K, committed 11456K, reserved 1064960K
  class space    used 1071K, committed 1216K, reserved 1048576K
}
Event: 46.221 GC heap before
{Heap before GC invocations=9 (full 0):
 garbage-first heap   total 251904K, used 148659K [0x00000004dc400000, 0x00000005d1e00000)
  region size 2048K, 73 young (149504K), 2 survivors (4096K)
 Metaspace       used 11268K, committed 11520K, reserved 1064960K
  class space    used 1071K, committed 1216K, reserved 1048576K
}
Event: 46.224 GC heap after
{Heap after GC invocations=10 (full 0):
 garbage-first heap   total 251904K, used 3275K [0x00000004dc400000, 0x00000005d1e00000)
  region size 2048K, 2 young (4096K), 2 survivors (4096K)
 Metaspace       used 11268K, committed 11520K, reserved 1064960K
  class space    used 1071K, committed 1216K, reserved 1048576K
}
Event: 47.089 GC heap before
{Heap before GC invocations=10 (full 0):
 garbage-first heap   total 251904K, used 148683K [0x00000004dc400000, 0x00000005d1e00000)
  region size 2048K, 73 young (149504K), 2 survivors (4096K)
 Metaspace       used 11268K, committed 11520K, reserved 1064960K
  class space    used 1071K, committed 1216K, reserved 1048576K
}
Event: 47.091 GC heap after
{Heap after GC invocations=11 (full 0):
 garbage-first heap   total 251904K, used 3276K [0x00000004dc400000, 0x00000005d1e00000)
  region size 2048K, 2 young (4096K), 2 survivors (4096K)
 Metaspace       used 11268K, committed 11520K, reserved 1064960K
  class space    used 1071K, committed 1216K, reserved 1048576K
}
Event: 47.964 GC heap before
{Heap before GC invocations=11 (full 0):
 garbage-first heap   total 251904K, used 148684K [0x00000004dc400000, 0x00000005d1e00000)
  region size 2048K, 73 young (149504K), 2 survivors (4096K)
 Metaspace       used 11270K, committed 11520K, reserved 1064960K
  class space    used 1071K, committed 1216K, reserved 1048576K
}
Event: 47.967 GC heap after
{Heap after GC invocations=12 (full 0):
 garbage-first heap   total 251904K, used 3337K [0x00000004dc400000, 0x00000005d1e00000)
  region size 2048K, 2 young (4096K), 2 survivors (4096K)
 Metaspace       used 11270K, committed 11520K, reserved 1064960K
  class space    used 1071K, committed 1216K, reserved 1048576K
}
Event: 48.837 GC heap before
{Heap before GC invocations=12 (full 0):
 garbage-first heap   total 251904K, used 148745K [0x00000004dc400000, 0x00000005d1e00000)
  region size 2048K, 73 young (149504K), 2 survivors (4096K)
 Metaspace       used 11300K, committed 11520K, reserved 1064960K
  class space    used 1071K, committed 1216K, reserved 1048576K
}
Event: 48.839 GC heap after
{Heap after GC invocations=13 (full 0):
 garbage-first heap   total 251904K, used 3244K [0x00000004dc400000, 0x00000005d1e00000)
  region size 2048K, 2 young (4096K), 2 survivors (4096K)
 Metaspace       used 11300K, committed 11520K, reserved 1064960K
  class space    used 1071K, committed 1216K, reserved 1048576K
}

Deoptimization events (20 events):
Event: 39.189 Thread 0x00000145338528b0 DEOPT PACKING pc=0x000001451e4407a4 sp=0x00000007384fe520
Event: 39.189 Thread 0x00000145338528b0 DEOPT UNPACKING pc=0x000001451688d72e sp=0x00000007384fe4c8 mode 2
Event: 39.253 Thread 0x00000145338528b0 DEOPT PACKING pc=0x00000145171b4fbc sp=0x00000007384fe4e0
Event: 39.253 Thread 0x00000145338528b0 DEOPT UNPACKING pc=0x000001451688dece sp=0x00000007384fd9c8 mode 0
Event: 39.308 Thread 0x00000145338528b0 DEOPT PACKING pc=0x00000145171b4fbc sp=0x00000007384fe4e0
Event: 39.308 Thread 0x00000145338528b0 DEOPT UNPACKING pc=0x000001451688dece sp=0x00000007384fd9c8 mode 0
Event: 39.362 Thread 0x00000145338528b0 DEOPT PACKING pc=0x00000145171b4fbc sp=0x00000007384fe4e0
Event: 39.362 Thread 0x00000145338528b0 DEOPT UNPACKING pc=0x000001451688dece sp=0x00000007384fd9c8 mode 0
Event: 39.418 Thread 0x00000145338528b0 DEOPT PACKING pc=0x00000145171b4fbc sp=0x00000007384fe4e0
Event: 39.418 Thread 0x00000145338528b0 DEOPT UNPACKING pc=0x000001451688dece sp=0x00000007384fd9c8 mode 0
Event: 39.418 Thread 0x00000145338528b0 DEOPT PACKING pc=0x00000145171bb6fa sp=0x00000007384fe370
Event: 39.418 Thread 0x00000145338528b0 DEOPT UNPACKING pc=0x000001451688dece sp=0x00000007384fd9c8 mode 0
Event: 39.418 Thread 0x00000145338528b0 DEOPT PACKING pc=0x00000145171bb6fa sp=0x00000007384fe370
Event: 39.418 Thread 0x00000145338528b0 DEOPT UNPACKING pc=0x000001451688dece sp=0x00000007384fd9c8 mode 0
Event: 39.471 Thread 0x00000145338528b0 DEOPT PACKING pc=0x00000145171b4fbc sp=0x00000007384fe4e0
Event: 39.471 Thread 0x00000145338528b0 DEOPT UNPACKING pc=0x000001451688dece sp=0x00000007384fd9c8 mode 0
Event: 39.529 Thread 0x00000145338528b0 DEOPT PACKING pc=0x00000145171b4fbc sp=0x00000007384fe4e0
Event: 39.529 Thread 0x00000145338528b0 DEOPT UNPACKING pc=0x000001451688dece sp=0x00000007384fd9c8 mode 0
Event: 44.421 Thread 0x00000145338528b0 DEOPT PACKING pc=0x0000014517209bf2 sp=0x00000007384fe5d0
Event: 44.421 Thread 0x00000145338528b0 DEOPT UNPACKING pc=0x000001451688dece sp=0x00000007384fda70 mode 0

Classes unloaded (0 events):
No events

Classes redefined (0 events):
No events

Internal exceptions (17 events):
Event: 0.082 Thread 0x0000014533674060 Exception <a 'java/lang/NoSuchMethodError'{0x00000004eb705a48}: 'java.lang.Object java.lang.invoke.DirectMethodHandle$Holder.invokeStatic(java.lang.Object)'> (0x00000004eb705a48) 
thrown [t:\workspace\open\src\hotspot\share\interpreter\linkResolver.cpp, line 790]
Event: 0.082 Thread 0x0000014533674060 Exception <a 'java/lang/NoSuchMethodError'{0x00000004eb709358}: 'java.lang.Object java.lang.invoke.DirectMethodHandle$Holder.invokeStaticInit(java.lang.Object)'> (0x00000004eb709358) 
thrown [t:\workspace\open\src\hotspot\share\interpreter\linkResolver.cpp, line 790]
Event: 0.086 Thread 0x0000014533674060 Exception <a 'java/lang/NoSuchMethodError'{0x00000004eb717018}: 'void java.lang.invoke.DirectMethodHandle$Holder.invokeStatic(java.lang.Object, java.lang.Object)'> (0x00000004eb717018) 
thrown [t:\workspace\open\src\hotspot\share\interpreter\linkResolver.cpp, line 790]
Event: 1.078 Thread 0x0000014532aa6c80 Exception <a 'java/lang/NoSuchMethodError'{0x00000004eb42ce60}: 'java.lang.Object java.lang.invoke.DirectMethodHandle$Holder.invokeStaticInit(java.lang.Object, int)'> (0x00000004eb42ce60) 
thrown [t:\workspace\open\src\hotspot\share\interpreter\linkResolver.cpp, line 790]
Event: 38.245 Thread 0x000001450d8f8940 Exception <a 'java/lang/ClassNotFoundException'{0x00000004eb2e66d8}: sun/awt/resources/spi/awtProvider> (0x00000004eb2e66d8) 
thrown [t:\workspace\open\src\hotspot\share\classfile\systemDictionary.cpp, line 256]
Event: 38.261 Thread 0x000001450d8f8940 Exception <a 'java/io/FileNotFoundException'{0x00000004eb33a2a8}> (0x00000004eb33a2a8) 
thrown [t:\workspace\open\src\hotspot\share\prims\jni.cpp, line 579]
Event: 38.265 Thread 0x000001450d8f8940 Exception <a 'java/io/FileNotFoundException'{0x00000004eb3690a8}> (0x00000004eb3690a8) 
thrown [t:\workspace\open\src\hotspot\share\prims\jni.cpp, line 579]
Event: 38.268 Thread 0x000001450d8f8940 Exception <a 'java/lang/NoSuchMethodError'{0x00000004eb36e958}: 'void java.lang.invoke.DirectMethodHandle$Holder.invokeSpecial(java.lang.Object, java.lang.Object, java.lang.Object)'> (0x00000004eb36e958) 
thrown [t:\workspace\open\src\hotspot\share\interpreter\linkResolver.cpp, line 790]
Event: 38.370 Thread 0x00000145338528b0 Exception <a 'java/lang/NoSuchMethodError'{0x00000004eb0db990}: 'java.lang.Object java.lang.invoke.DirectMethodHandle$Holder.newInvokeSpecial(java.lang.Object, java.lang.Object, java.lang.Object, java.lang.Object, java.lang.Object)'> (0x00000004eb0db990) 
thrown [t:\workspace\open\src\hotspot\share\interpreter\linkResolver.cpp, line 790]
Event: 38.371 Thread 0x00000145338528b0 Exception <a 'java/lang/NoSuchMethodError'{0x00000004eb0e76d8}: 'java.lang.Object java.lang.invoke.DirectMethodHandle$Holder.invokeStatic(java.lang.Object, int, java.lang.Object, java.lang.Object, java.lang.Object, java.lang.Object)'> (0x00000004eb0e76d8) 
thrown [t:\workspace\open\src\hotspot\share\interpreter\linkResolver.cpp, line 790]
Event: 38.374 Thread 0x00000145338528b0 Exception <a 'java/lang/NoSuchMethodError'{0x00000004eb10d7a0}: 'java.lang.Object java.lang.invoke.DirectMethodHandle$Holder.invokeStatic(java.lang.Object, int, java.lang.Object)'> (0x00000004eb10d7a0) 
thrown [t:\workspace\open\src\hotspot\share\interpreter\linkResolver.cpp, line 790]
Event: 38.391 Thread 0x00000145338528b0 Exception <a 'java/lang/ClassNotFoundException'{0x00000004eb1c5ba8}: com/sun/swing/internal/plaf/metal/resources/spi/metalProvider> (0x00000004eb1c5ba8) 
thrown [t:\workspace\open\src\hotspot\share\classfile\systemDictionary.cpp, line 256]
Event: 38.392 Thread 0x00000145338528b0 Exception <a 'java/lang/ClassNotFoundException'{0x00000004eb1c9fe8}: com/sun/swing/internal/plaf/basic/resources/spi/basicProvider> (0x00000004eb1c9fe8) 
thrown [t:\workspace\open\src\hotspot\share\classfile\systemDictionary.cpp, line 256]
Event: 38.395 Thread 0x00000145338528b0 Implicit null exception at 0x000001451e4140af to 0x000001451e41412d
Event: 38.458 Thread 0x00000145338528b0 Exception <a 'java/lang/NoSuchMethodError'{0x00000004eaa4bea8}: 'void java.lang.invoke.DirectMethodHandle$Holder.invokeStatic(java.lang.Object, java.lang.Object, java.lang.Object)'> (0x00000004eaa4bea8) 
thrown [t:\workspace\open\src\hotspot\share\interpreter\linkResolver.cpp, line 790]
Event: 38.492 Thread 0x0000014533843000 Exception <a 'java/lang/NoSuchMethodError'{0x00000004eb3d3f90}: 'void java.lang.invoke.DirectMethodHandle$Holder.invokeVirtual(java.lang.Object, java.lang.Object)'> (0x00000004eb3d3f90) 
thrown [t:\workspace\open\src\hotspot\share\interpreter\linkResolver.cpp, line 790]
Event: 38.502 Thread 0x00000145338528b0 Exception <a 'java/lang/NoSuchMethodError'{0x00000004ea987f68}: 'void java.lang.invoke.DirectMethodHandle$Holder.invokeStaticInit(java.lang.Object)'> (0x00000004ea987f68) 
thrown [t:\workspace\open\src\hotspot\share\interpreter\linkResolver.cpp, line 790]

Events (20 events):
Event: 41.880 Executing  VM operation: G1CollectForAllocation done
Event: 42.739 Executing  VM operation: G1CollectForAllocation
Event: 42.742 Executing  VM operation: G1CollectForAllocation done
Event: 43.612 Executing  VM operation: G1CollectForAllocation
Event: 43.615 Executing  VM operation: G1CollectForAllocation done
Event: 44.485 Executing  VM operation: G1CollectForAllocation
Event: 44.488 Executing  VM operation: G1CollectForAllocation done
Event: 44.921 Thread 0x0000014539ecce40 Thread exited: 0x0000014539ecce40
Event: 45.352 Executing  VM operation: G1CollectForAllocation
Event: 45.355 Executing  VM operation: G1CollectForAllocation done
Event: 46.116 Thread 0x00000145334fb150 Thread exited: 0x00000145334fb150
Event: 46.221 Executing  VM operation: G1CollectForAllocation
Event: 46.224 Executing  VM operation: G1CollectForAllocation done
Event: 47.088 Executing  VM operation: G1CollectForAllocation
Event: 47.091 Executing  VM operation: G1CollectForAllocation done
Event: 47.963 Executing  VM operation: G1CollectForAllocation
Event: 47.967 Executing  VM operation: G1CollectForAllocation done
Event: 48.623 Thread 0x00000145334fb150 Thread added: 0x00000145334fb150
Event: 48.837 Executing  VM operation: G1CollectForAllocation
Event: 48.839 Executing  VM operation: G1CollectForAllocation done


Dynamic libraries:
0x00007ff7e72f0000 - 0x00007ff7e72fe000 	C:\Users\79068\.jdks\openjdk-16.0.2\bin\java.exe
0x00007ffbbccf0000 - 0x00007ffbbcee5000 	C:\windows\SYSTEM32\ntdll.dll
0x00007ffbbbd90000 - 0x00007ffbbbe4e000 	C:\windows\System32\KERNEL32.DLL
0x00007ffbba500000 - 0x00007ffbba7c9000 	C:\windows\System32\KERNELBASE.dll
0x00007ffbbac40000 - 0x00007ffbbad40000 	C:\windows\System32\ucrtbase.dll
0x00007ffba6570000 - 0x00007ffba6589000 	C:\Users\79068\.jdks\openjdk-16.0.2\bin\VCRUNTIME140.dll
0x00007ffba6590000 - 0x00007ffba65a8000 	C:\Users\79068\.jdks\openjdk-16.0.2\bin\jli.dll
0x00007ffbbc7c0000 - 0x00007ffbbc961000 	C:\windows\System32\USER32.dll
0x00007ffbba9b0000 - 0x00007ffbba9d2000 	C:\windows\System32\win32u.dll
0x00007ffba4450000 - 0x00007ffba46ea000 	C:\windows\WinSxS\amd64_microsoft.windows.common-controls_6595b64144ccf1df_6.0.19041.1110_none_60b5254171f9507e\COMCTL32.dll
0x00007ffbbc2b0000 - 0x00007ffbbc2db000 	C:\windows\System32\GDI32.dll
0x00007ffbbc4f0000 - 0x00007ffbbc58e000 	C:\windows\System32\msvcrt.dll
0x00007ffbba870000 - 0x00007ffbba97b000 	C:\windows\System32\gdi32full.dll
0x00007ffbba7d0000 - 0x00007ffbba86d000 	C:\windows\System32\msvcp_win.dll
0x00007ffbbbe50000 - 0x00007ffbbbe80000 	C:\windows\System32\IMM32.DLL
0x00007ffbb29c0000 - 0x00007ffbb29cc000 	C:\Users\79068\.jdks\openjdk-16.0.2\bin\vcruntime140_1.dll
0x00007ffba64d0000 - 0x00007ffba6561000 	C:\Users\79068\.jdks\openjdk-16.0.2\bin\msvcp140.dll
0x00007ffb30eb0000 - 0x00007ffb31a5b000 	C:\Users\79068\.jdks\openjdk-16.0.2\bin\server\jvm.dll
0x00007ffbbb9a0000 - 0x00007ffbbba4c000 	C:\windows\System32\ADVAPI32.dll
0x00007ffbbc720000 - 0x00007ffbbc7bb000 	C:\windows\System32\sechost.dll
0x00007ffbbcb80000 - 0x00007ffbbccaa000 	C:\windows\System32\RPCRT4.dll
0x00007ffbbbe80000 - 0x00007ffbbbe88000 	C:\windows\System32\PSAPI.DLL
0x00007ffbb09a0000 - 0x00007ffbb09c7000 	C:\windows\SYSTEM32\WINMM.dll
0x00007ffb9d8c0000 - 0x00007ffb9d8c9000 	C:\windows\SYSTEM32\WSOCK32.dll
0x00007ffbb2aa0000 - 0x00007ffbb2aaa000 	C:\windows\SYSTEM32\VERSION.dll
0x00007ffbbc340000 - 0x00007ffbbc3ab000 	C:\windows\System32\WS2_32.dll
0x00007ffbb8c90000 - 0x00007ffbb8ca2000 	C:\windows\SYSTEM32\kernel.appcore.dll
0x00007ffba64c0000 - 0x00007ffba64ca000 	C:\Users\79068\.jdks\openjdk-16.0.2\bin\jimage.dll
0x00007ffbb8140000 - 0x00007ffbb8324000 	C:\windows\SYSTEM32\DBGHELP.DLL
0x00007ffba18b0000 - 0x00007ffba18dc000 	C:\windows\SYSTEM32\dbgcore.DLL
0x00007ffbba410000 - 0x00007ffbba493000 	C:\windows\System32\bcryptPrimitives.dll
0x00007ffbb5ec0000 - 0x00007ffbb5ece000 	C:\Users\79068\.jdks\openjdk-16.0.2\bin\instrument.dll
0x00007ffba6490000 - 0x00007ffba64b5000 	C:\Users\79068\.jdks\openjdk-16.0.2\bin\java.dll
0x00007ffbbb1e0000 - 0x00007ffbbb91f000 	C:\windows\System32\SHELL32.dll
0x00007ffbb84f0000 - 0x00007ffbb8c80000 	C:\windows\SYSTEM32\windows.storage.dll
0x00007ffbbbea0000 - 0x00007ffbbc1f5000 	C:\windows\System32\combase.dll
0x00007ffbb9df0000 - 0x00007ffbb9e1c000 	C:\windows\SYSTEM32\Wldp.dll
0x00007ffbbc200000 - 0x00007ffbbc2ad000 	C:\windows\System32\SHCORE.dll
0x00007ffbbc970000 - 0x00007ffbbc9c5000 	C:\windows\System32\shlwapi.dll
0x00007ffbba350000 - 0x00007ffbba36f000 	C:\windows\SYSTEM32\profapi.dll
0x00007ffb9cdb0000 - 0x00007ffb9cdc8000 	C:\Users\79068\.jdks\openjdk-16.0.2\bin\zip.dll
0x00007ffba40e0000 - 0x00007ffba40f9000 	C:\Users\79068\.jdks\openjdk-16.0.2\bin\net.dll
0x00007ffbb4d20000 - 0x00007ffbb4e28000 	C:\windows\SYSTEM32\WINHTTP.dll
0x00007ffbb9b50000 - 0x00007ffbb9bba000 	C:\windows\system32\mswsock.dll
0x00007ffba40c0000 - 0x00007ffba40d3000 	C:\Users\79068\.jdks\openjdk-16.0.2\bin\nio.dll
0x00007ffb841f0000 - 0x00007ffb8420a000 	C:\Program Files\JetBrains\IntelliJ IDEA Community Edition 2021.2.1\bin\breakgen64.dll
0x00007ffb46e30000 - 0x00007ffb46faf000 	C:\Users\79068\.jdks\openjdk-16.0.2\bin\awt.dll
0x00007ffbbc9d0000 - 0x00007ffbbca9d000 	C:\windows\System32\OLEAUT32.dll
0x00007ffbb7930000 - 0x00007ffbb79c0000 	C:\windows\SYSTEM32\apphelp.dll
0x00007ffbb7af0000 - 0x00007ffbb7b8e000 	C:\windows\system32\uxtheme.dll
0x00007ffbbbc70000 - 0x00007ffbbbd85000 	C:\windows\System32\MSCTF.dll
0x00007ffbbc590000 - 0x00007ffbbc6ba000 	C:\windows\System32\ole32.dll
0x00007ffbb7d00000 - 0x00007ffbb7d2f000 	C:\windows\system32\DWMAPI.DLL
0x00007ffb6d460000 - 0x00007ffb6d585000 	C:\windows\system32\opengl32.dll
0x00007ffb84720000 - 0x00007ffb8474c000 	C:\windows\SYSTEM32\GLU32.dll
0x00007ffb6dfa0000 - 0x00007ffb6e16e000 	C:\windows\system32\d3d9.dll
0x00007ffbacc70000 - 0x00007ffbace4b000 	C:\windows\System32\DriverStore\FileRepository\u0369631.inf_amd64_88e1f90c6b221b8e\B369439\aticfx64.dll
0x00007ffb8d710000 - 0x00007ffb8d743000 	C:\windows\System32\DriverStore\FileRepository\u0369631.inf_amd64_88e1f90c6b221b8e\B369439\atiu9p64.dll
0x00007ffb5f850000 - 0x00007ffb605aa000 	C:\windows\System32\DriverStore\FileRepository\u0369631.inf_amd64_88e1f90c6b221b8e\B369439\atiumd64.dll
0x0000000063530000 - 0x00000000643fb000 	C:\windows\System32\DriverStore\FileRepository\u0369631.inf_amd64_88e1f90c6b221b8e\B369439\atiumd6a.dll
0x00007ffbb9eb0000 - 0x00007ffbb9efb000 	C:\windows\SYSTEM32\POWRPROF.dll
0x00007ffbb9e60000 - 0x00007ffbb9e72000 	C:\windows\SYSTEM32\UMPDC.dll
0x00007ffbacc40000 - 0x00007ffbacc70000 	C:\windows\SYSTEM32\amdihk64.dll
0x00007ffbb09d0000 - 0x00007ffbb0a0b000 	C:\windows\SYSTEM32\dxcore.dll
0x00007ffbbab40000 - 0x00007ffbbab8e000 	C:\windows\System32\cfgmgr32.dll
0x00007ffb2f800000 - 0x00007ffb30715000 	C:\Users\79068\.skiko\15b0e38388b99fcb372a0bde0b08c191a29004709b37f27d822ee2985788fe6e\skiko-windows-x64.dll
0x00007ffba57f0000 - 0x00007ffba5a73000 	C:\windows\SYSTEM32\dwrite.dll
0x00007ffb56670000 - 0x00007ffb566f9000 	C:\Users\79068\.jdks\openjdk-16.0.2\bin\freetype.dll
0x00007ffb4d470000 - 0x00007ffb4d566000 	C:\Users\79068\.jdks\openjdk-16.0.2\bin\harfbuzz.dll
0x00007ffb82590000 - 0x00007ffb825a2000 	C:\Users\79068\.jdks\openjdk-16.0.2\bin\fontmanager.dll
0x00007ffbb5e10000 - 0x00007ffbb5e17000 	C:\Users\79068\.jdks\openjdk-16.0.2\bin\jawt.dll
0x00007ffbb8d00000 - 0x00007ffbb8df4000 	C:\windows\SYSTEM32\Dxgi.dll
0x00007ffb82390000 - 0x00007ffb823b0000 	C:\windows\SYSTEM32\D3D12.dll
0x00007ffb2f630000 - 0x00007ffb2f7fd000 	C:\windows\SYSTEM32\D3D12Core.dll
0x00007ffb21e30000 - 0x00007ffb24b17000 	C:\windows\System32\DriverStore\FileRepository\u0369631.inf_amd64_88e1f90c6b221b8e\B369439\amdxc64.dll
0x00007ffbaca80000 - 0x00007ffbacaab000 	C:\windows\SYSTEM32\D3DSCache.dll
0x00007ffbba310000 - 0x00007ffbba33e000 	C:\windows\SYSTEM32\USERENV.dll
0x00007ffbb3020000 - 0x00007ffbb3221000 	C:\windows\SYSTEM32\twinapi.appcore.dll
0x00007ffbb6610000 - 0x00007ffbb67f5000 	C:\windows\SYSTEM32\dcomp.dll
0x00007ffbb5f40000 - 0x00007ffbb639d000 	C:\windows\SYSTEM32\d3dcompiler_47.dll
0x00007ffbb9d40000 - 0x00007ffbb9d58000 	C:\windows\SYSTEM32\CRYPTSP.dll
0x00007ffba6f80000 - 0x00007ffba7079000 	C:\windows\SYSTEM32\textinputframework.dll
0x00007ffbb77e0000 - 0x00007ffbb78d2000 	C:\windows\System32\CoreMessaging.dll
0x00007ffbb7380000 - 0x00007ffbb76de000 	C:\windows\System32\CoreUIComponents.dll
0x00007ffbb9100000 - 0x00007ffbb9133000 	C:\windows\SYSTEM32\ntmarta.dll
0x00007ffbb6dc0000 - 0x00007ffbb6f14000 	C:\windows\SYSTEM32\wintypes.dll

dbghelp: loaded successfully - version: 4.0.5 - missing functions: none
symbol engine: initialized successfully - sym options: 0x614 - pdb path: .;C:\Users\79068\.jdks\openjdk-16.0.2\bin;C:\windows\SYSTEM32;C:\windows\WinSxS\amd64_microsoft.windows.common-controls_6595b64144ccf1df_6.0.19041.1110_none_60b5254171f9507e;C:\Users\79068\.jdks\openjdk-16.0.2\bin\server;C:\Program Files\JetBrains\IntelliJ IDEA Community Edition 2021.2.1\bin;C:\windows\System32\DriverStore\FileRepository\u0369631.inf_amd64_88e1f90c6b221b8e\B369439;C:\Users\79068\.skiko\15b0e38388b99fcb372a0bde0b08c191a29004709b37f27d822ee2985788fe6e

VM Arguments:
jvm_args: -javaagent:C:\Program Files\JetBrains\IntelliJ IDEA Community Edition 2021.2.1\lib\idea_rt.jar=50781:C:\Program Files\JetBrains\IntelliJ IDEA Community Edition 2021.2.1\bin -Dfile.encoding=UTF-8 
java_command: MainKt
java_class_path (initial): C:\Users\79068\IdeaProjects\pf-2021-viz-yaninalex2003\build\classes\kotlin\main;C:\Users\79068\.gradle\caches\modules-2\files-2.1\org.jetbrains.kotlin\kotlin-stdlib-jdk8\1.5.10\3f4af7aff21c4ec46e3cdd645639d0a63a68d3d0\kotlin-stdlib-jdk8-1.5.10.jar;C:\Users\79068\.gradle\caches\modules-2\files-2.1\org.jetbrains.kotlinx\kotlinx-coroutines-swing\1.4.1\60c1303504d7e745820865d4f29be7ea23303318\kotlinx-coroutines-swing-1.4.1.jar;C:\Users\79068\.gradle\caches\modules-2\files-2.1\org.jetbrains.skiko\skiko-jvm-runtime-windows-x64\0.3.17\175b2ce1f5ed09d49dc7b15d8dd1e11b556189a4\skiko-jvm-runtime-windows-x64-0.3.17.jar;C:\Users\79068\.gradle\caches\modules-2\files-2.1\org.jetbrains.kotlin\kotlin-stdlib-jdk7\1.5.10\c49d0703d16c6cb1526cc07b9b46486da1dd8a60\kotlin-stdlib-jdk7-1.5.10.jar;C:\Users\79068\.gradle\caches\modules-2\files-2.1\org.jetbrains.kotlin\kotlin-stdlib\1.5.10\da6a904b132f0402fa4d79169a3c1770598d4702\kotlin-stdlib-1.5.10.jar;C:\Users\79068\.gradle\caches\modules-2\files-2.1\org.jetbrains.kotlinx\kotlinx-datetime-jvm\0.2.1\11f9a2e0cf44d986812d79ae78a545b6713971e5\kotlinx-datetime-jvm-0.2.1.jar;C:\Users\79068\.gradle\caches\modules-2\files-2.1\org.jetbrains.kotlin\kotlin-stdlib-common\1.5.10\6b84d926e28493be69daf673e40076f89492ef7\kotlin-stdlib-common-1.5.10.jar;C:\Users\79068\.gradle\caches\modules-2\files-2.1\org.jetbrains\annotations\13.0\919f0dfe192fb4e063e7dacadee7f8bb9a2672a9\annotations-13.0.jar;C:\Users\79068\.gradle\caches\modules-2\files-2.1\org.jetbrains.kotlinx\kotlinx-coroutines-core-jvm\1.4.1\936067d1e0195f638396f60e71da745bb14a35ca\kotlinx-coroutines-core-jvm-1.4.1.jar
Launcher Type: SUN_STANDARD

[Global flags]
     intx CICompilerCount                          = 12                                        {product} {ergonomic}
     uint ConcGCThreads                            = 3                                         {product} {ergonomic}
     uint G1ConcRefinementThreads                  = 13                                        {product} {ergonomic}
   size_t G1HeapRegionSize                         = 2097152                                   {product} {ergonomic}
    uintx GCDrainStackTargetSize                   = 64                                        {product} {ergonomic}
   size_t InitialHeapSize                          = 257949696                                 {product} {ergonomic}
   size_t MarkStackSize                            = 4194304                                   {product} {ergonomic}
   size_t MaxHeapSize                              = 4120903680                                {product} {ergonomic}
   size_t MaxNewSize                               = 2472542208                                {product} {ergonomic}
   size_t MinHeapDeltaBytes                        = 2097152                                   {product} {ergonomic}
   size_t MinHeapSize                              = 8388608                                   {product} {ergonomic}
    uintx NonNMethodCodeHeapSize                   = 7602480                                {pd product} {ergonomic}
    uintx NonProfiledCodeHeapSize                  = 122027880                              {pd product} {ergonomic}
    uintx ProfiledCodeHeapSize                     = 122027880                              {pd product} {ergonomic}
    uintx ReservedCodeCacheSize                    = 251658240                              {pd product} {ergonomic}
     bool SegmentedCodeCache                       = true                                      {product} {ergonomic}
   size_t SoftMaxHeapSize                          = 4120903680                             {manageable} {ergonomic}
     bool UseCompressedClassPointers               = true                           {product lp64_product} {ergonomic}
     bool UseCompressedOops                        = true                           {product lp64_product} {ergonomic}
     bool UseG1GC                                  = true                                      {product} {ergonomic}
     bool UseLargePagesIndividualAllocation        = false                                  {pd product} {ergonomic}

Logging:
Log output configuration:
 #0: stdout all=warning uptime,level,tags
 #1: stderr all=off uptime,level,tags

Environment Variables:
PATH=C:\windows\system32;C:\windows;C:\windows\System32\Wbem;C:\windows\System32\WindowsPowerShell\v1.0\;C:\windows\System32\OpenSSH\;C:\Program Files\Git\cmd;C:\Users\79068\AppData\Local\Microsoft\WindowsApps;
USERNAME=79068
OS=Windows_NT
PROCESSOR_IDENTIFIER=AMD64 Family 23 Model 104 Stepping 1, AuthenticAMD



---------------  S Y S T E M  ---------------

OS:
 Windows 10 , 64 bit Build 19041 (10.0.19041.1202)
OS uptime: 3 days 8:28 hours

CPU: total 16 (initial active 16) (16 cores per cpu, 2 threads per core) family 23 model 104 stepping 1 microcode 0x0, cx8, cmov, fxsr, ht, mmx, 3dnowpref, sse, sse2, sse3, ssse3, sse4a, sse4.1, sse4.2, popcnt, lzcnt, tsc, tscinvbit, avx, avx2, aes, clmul, bmi1, bmi2, adx, sha, fma, vzeroupper, clflush, clflushopt

Memory: 4k page, system-wide physical 15712M (5301M free)
TotalPageFile size 18912M (AvailPageFile size 3653M)
current process WorkingSet (physical memory assigned to process): 297M, peak: 369M
current process commit charge ("private bytes"): 498M, peak: 576M

vm_info: OpenJDK 64-Bit Server VM (16.0.2+7-67) for windows-amd64 JRE (16.0.2+7-67), built on Jun  8 2021 23:21:43 by "mach5one" with MS VC++ 16.7 (VS2019)

END.
